<?xml version="1.0" encoding="UTF-8"?>
<!-- Generated by org.testng.reporters.JUnitReportReporter -->
<testsuite hostname="DESKTOP-6MJOQ6A" failures="0" tests="1" name="testScripts.FourthTest" time="6.929" errors="0" timestamp="2023-01-31T18:51:53 IST" skipped="0">
  <testcase classname="testScripts.FourthTest" name="fourthTest" time="6.929"/>
  <system-out/>
</testsuite> <!-- testScripts.FourthTest -->
