<?xml version="1.0" encoding="UTF-8"?>
<!-- Generated by org.testng.reporters.JUnitReportReporter -->
<testsuite hostname="DESKTOP-6MJOQ6A" failures="0" tests="1" name="testScripts.FirstTest" time="4.875" errors="0" timestamp="2023-01-31T18:48:54 IST" skipped="0">
  <testcase classname="testScripts.FirstTest" name="firstTest" time="4.875"/>
  <system-out/>
</testsuite> <!-- testScripts.FirstTest -->
