<?xml version="1.0" encoding="UTF-8"?>
<!-- Generated by org.testng.reporters.JUnitReportReporter -->
<testsuite hostname="DESKTOP-6MJOQ6A" failures="0" tests="1" name="testScripts.SecondTest" time="6.213" errors="0" timestamp="2023-01-31T18:50:52 IST" skipped="0">
  <testcase classname="testScripts.SecondTest" name="secondTest" time="6.213"/>
  <system-out/>
</testsuite> <!-- testScripts.SecondTest -->
