<?xml version="1.0" encoding="UTF-8"?>
<!-- Generated by org.testng.reporters.JUnitReportReporter -->
<testsuite hostname="DESKTOP-6MJOQ6A" failures="0" tests="1" name="testScripts.ThirdTest" time="8.431" errors="1" timestamp="2023-01-31T18:51:22 IST" skipped="0">
  <testcase classname="testScripts.ThirdTest" name="thirdTest" time="8.431">
    <error type="java.lang.StackOverflowError">
      <![CDATA[java.lang.StackOverflowError
at pomPages.CoreJavaForSeleniumPage.getPageHeader(CoreJavaForSeleniumPage.java:24)
at pomPages.CoreJavaForSeleniumPage.getPageHeader(CoreJavaForSeleniumPage.java:24)
at pomPages.CoreJavaForSeleniumPage.getPageHeader(CoreJavaForSeleniumPage.java:24)
at pomPages.CoreJavaForSeleniumPage.getPageHeader(CoreJavaForSeleniumPage.java:24)
at pomPages.CoreJavaForSeleniumPage.getPageHeader(CoreJavaForSeleniumPage.java:24)
at pomPages.CoreJavaForSeleniumPage.getPageHeader(CoreJavaForSeleniumPage.java:24)
at pomPages.CoreJavaForSeleniumPage.getPageHeader(CoreJavaForSeleniumPage.java:24)
at pomPages.CoreJavaForSeleniumPage.getPageHeader(CoreJavaForSeleniumPage.java:24)
at pomPages.CoreJavaForSeleniumPage.getPageHeader(CoreJavaForSeleniumPage.java:24)
at pomPages.CoreJavaForSeleniumPage.getPageHeader(CoreJavaForSeleniumPage.java:24)
at pomPages.CoreJavaForSeleniumPage.getPageHeader(CoreJavaForSeleniumPage.java:24)
at pomPages.CoreJavaForSeleniumPage.getPageHeader(CoreJavaForSeleniumPage.java:24)
at pomPages.CoreJavaForSeleniumPage.getPageHeader(CoreJavaForSeleniumPage.java:24)
at pomPages.CoreJavaForSeleniumPage.getPageHeader(CoreJavaForSeleniumPage.java:24)
at pomPages.CoreJavaForSeleniumPage.getPageHeader(CoreJavaForSeleniumPage.java:24)
at pomPages.CoreJavaForSeleniumPage.getPageHeader(CoreJavaForSeleniumPage.java:24)
at pomPages.CoreJavaForSeleniumPage.getPageHeader(CoreJavaForSeleniumPage.java:24)
at pomPages.CoreJavaForSeleniumPage.getPageHeader(CoreJavaForSeleniumPage.java:24)
at pomPages.CoreJavaForSeleniumPage.getPageHeader(CoreJavaForSeleniumPage.java:24)
at pomPages.CoreJavaForSeleniumPage.getPageHeader(CoreJavaForSeleniumPage.java:24)
at pomPages.CoreJavaForSeleniumPage.getPageHeader(CoreJavaForSeleniumPage.java:24)
at pomPages.CoreJavaForSeleniumPage.getPageHeader(CoreJavaForSeleniumPage.java:24)
at pomPages.CoreJavaForSeleniumPage.getPageHeader(CoreJavaForSeleniumPage.java:24)
at pomPages.CoreJavaForSeleniumPage.getPageHeader(CoreJavaForSeleniumPage.java:24)
at pomPages.CoreJavaForSeleniumPage.getPageHeader(CoreJavaForSeleniumPage.java:24)
at pomPages.CoreJavaForSeleniumPage.getPageHeader(CoreJavaForSeleniumPage.java:24)
at pomPages.CoreJavaForSeleniumPage.getPageHeader(CoreJavaForSeleniumPage.java:24)
at pomPages.CoreJavaForSeleniumPage.getPageHeader(CoreJavaForSeleniumPage.java:24)
at pomPages.CoreJavaForSeleniumPage.getPageHeader(CoreJavaForSeleniumPage.java:24)
at pomPages.CoreJavaForSeleniumPage.getPageHeader(CoreJavaForSeleniumPage.java:24)
at pomPages.CoreJavaForSeleniumPage.getPageHeader(CoreJavaForSeleniumPage.java:24)
at pomPages.CoreJavaForSeleniumPage.getPageHeader(CoreJavaForSeleniumPage.java:24)
at pomPages.CoreJavaForSeleniumPage.getPageHeader(CoreJavaForSeleniumPage.java:24)
at pomPages.CoreJavaForSeleniumPage.getPageHeader(CoreJavaForSeleniumPage.java:24)
at pomPages.CoreJavaForSeleniumPage.getPageHeader(CoreJavaForSeleniumPage.java:24)
at pomPages.CoreJavaForSeleniumPage.getPageHeader(CoreJavaForSeleniumPage.java:24)
at pomPages.CoreJavaForSeleniumPage.getPageHeader(CoreJavaForSeleniumPage.java:24)
at pomPages.CoreJavaForSeleniumPage.getPageHeader(CoreJavaForSeleniumPage.java:24)
at pomPages.CoreJavaForSeleniumPage.getPageHeader(CoreJavaForSeleniumPage.java:24)
at pomPages.CoreJavaForSeleniumPage.getPageHeader(CoreJavaForSeleniumPage.java:24)
at pomPages.CoreJavaForSeleniumPage.getPageHeader(CoreJavaForSeleniumPage.java:24)
at pomPages.CoreJavaForSeleniumPage.getPageHeader(CoreJavaForSeleniumPage.java:24)
at pomPages.CoreJavaForSeleniumPage.getPageHeader(CoreJavaForSeleniumPage.java:24)
at pomPages.CoreJavaForSeleniumPage.getPageHeader(CoreJavaForSeleniumPage.java:24)
at pomPages.CoreJavaForSeleniumPage.getPageHeader(CoreJavaForSeleniumPage.java:24)
at pomPages.CoreJavaForSeleniumPage.getPageHeader(CoreJavaForSeleniumPage.java:24)
at pomPages.CoreJavaForSeleniumPage.getPageHeader(CoreJavaForSeleniumPage.java:24)
at pomPages.CoreJavaForSeleniumPage.getPageHeader(CoreJavaForSeleniumPage.java:24)
at pomPages.CoreJavaForSeleniumPage.getPageHeader(CoreJavaForSeleniumPage.java:24)
at pomPages.CoreJavaForSeleniumPage.getPageHeader(CoreJavaForSeleniumPage.java:24)
at pomPages.CoreJavaForSeleniumPage.getPageHeader(CoreJavaForSeleniumPage.java:24)
at pomPages.CoreJavaForSeleniumPage.getPageHeader(CoreJavaForSeleniumPage.java:24)
at pomPages.CoreJavaForSeleniumPage.getPageHeader(CoreJavaForSeleniumPage.java:24)
at pomPages.CoreJavaForSeleniumPage.getPageHeader(CoreJavaForSeleniumPage.java:24)
at pomPages.CoreJavaForSeleniumPage.getPageHeader(CoreJavaForSeleniumPage.java:24)
at pomPages.CoreJavaForSeleniumPage.getPageHeader(CoreJavaForSeleniumPage.java:24)
at pomPages.CoreJavaForSeleniumPage.getPageHeader(CoreJavaForSeleniumPage.java:24)
at pomPages.CoreJavaForSeleniumPage.getPageHeader(CoreJavaForSeleniumPage.java:24)
at pomPages.CoreJavaForSeleniumPage.getPageHeader(CoreJavaForSeleniumPage.java:24)
at pomPages.CoreJavaForSeleniumPage.getPageHeader(CoreJavaForSeleniumPage.java:24)
at pomPages.CoreJavaForSeleniumPage.getPageHeader(CoreJavaForSeleniumPage.java:24)
at pomPages.CoreJavaForSeleniumPage.getPageHeader(CoreJavaForSeleniumPage.java:24)
at pomPages.CoreJavaForSeleniumPage.getPageHeader(CoreJavaForSeleniumPage.java:24)
at pomPages.CoreJavaForSeleniumPage.getPageHeader(CoreJavaForSeleniumPage.java:24)
at pomPages.CoreJavaForSeleniumPage.getPageHeader(CoreJavaForSeleniumPage.java:24)
at pomPages.CoreJavaForSeleniumPage.getPageHeader(CoreJavaForSeleniumPage.java:24)
at pomPages.CoreJavaForSeleniumPage.getPageHeader(CoreJavaForSeleniumPage.java:24)
at pomPages.CoreJavaForSeleniumPage.getPageHeader(CoreJavaForSeleniumPage.java:24)
at pomPages.CoreJavaForSeleniumPage.getPageHeader(CoreJavaForSeleniumPage.java:24)
at pomPages.CoreJavaForSeleniumPage.getPageHeader(CoreJavaForSeleniumPage.java:24)
at pomPages.CoreJavaForSeleniumPage.getPageHeader(CoreJavaForSeleniumPage.java:24)
at pomPages.CoreJavaForSeleniumPage.getPageHeader(CoreJavaForSeleniumPage.java:24)
at pomPages.CoreJavaForSeleniumPage.getPageHeader(CoreJavaForSeleniumPage.java:24)
at pomPages.CoreJavaForSeleniumPage.getPageHeader(CoreJavaForSeleniumPage.java:24)
at pomPages.CoreJavaForSeleniumPage.getPageHeader(CoreJavaForSeleniumPage.java:24)
at pomPages.CoreJavaForSeleniumPage.getPageHeader(CoreJavaForSeleniumPage.java:24)
at pomPages.CoreJavaForSeleniumPage.getPageHeader(CoreJavaForSeleniumPage.java:24)
at pomPages.CoreJavaForSeleniumPage.getPageHeader(CoreJavaForSeleniumPage.java:24)
at pomPages.CoreJavaForSeleniumPage.getPageHeader(CoreJavaForSeleniumPage.java:24)
at pomPages.CoreJavaForSeleniumPage.getPageHeader(CoreJavaForSeleniumPage.java:24)
at pomPages.CoreJavaForSeleniumPage.getPageHeader(CoreJavaForSeleniumPage.java:24)
at pomPages.CoreJavaForSeleniumPage.getPageHeader(CoreJavaForSeleniumPage.java:24)
at pomPages.CoreJavaForSeleniumPage.getPageHeader(CoreJavaForSeleniumPage.java:24)
at pomPages.CoreJavaForSeleniumPage.getPageHeader(CoreJavaForSeleniumPage.java:24)
at pomPages.CoreJavaForSeleniumPage.getPageHeader(CoreJavaForSeleniumPage.java:24)
at pomPages.CoreJavaForSeleniumPage.getPageHeader(CoreJavaForSeleniumPage.java:24)
at pomPages.CoreJavaForSeleniumPage.getPageHeader(CoreJavaForSeleniumPage.java:24)
at pomPages.CoreJavaForSeleniumPage.getPageHeader(CoreJavaForSeleniumPage.java:24)
at pomPages.CoreJavaForSeleniumPage.getPageHeader(CoreJavaForSeleniumPage.java:24)
at pomPages.CoreJavaForSeleniumPage.getPageHeader(CoreJavaForSeleniumPage.java:24)
at pomPages.CoreJavaForSeleniumPage.getPageHeader(CoreJavaForSeleniumPage.java:24)
at pomPages.CoreJavaForSeleniumPage.getPageHeader(CoreJavaForSeleniumPage.java:24)
at pomPages.CoreJavaForSeleniumPage.getPageHeader(CoreJavaForSeleniumPage.java:24)
at pomPages.CoreJavaForSeleniumPage.getPageHeader(CoreJavaForSeleniumPage.java:24)
at pomPages.CoreJavaForSeleniumPage.getPageHeader(CoreJavaForSeleniumPage.java:24)
at pomPages.CoreJavaForSeleniumPage.getPageHeader(CoreJavaForSeleniumPage.java:24)
at pomPages.CoreJavaForSeleniumPage.getPageHeader(CoreJavaForSeleniumPage.java:24)
at pomPages.CoreJavaForSeleniumPage.getPageHeader(CoreJavaForSeleniumPage.java:24)
at pomPages.CoreJavaForSeleniumPage.getPageHeader(CoreJavaForSeleniumPage.java:24)
at pomPages.CoreJavaForSeleniumPage.getPageHeader(CoreJavaForSeleniumPage.java:24)
at pomPages.CoreJavaForSeleniumPage.getPageHeader(CoreJavaForSeleniumPage.java:24)
at pomPages.CoreJavaForSeleniumPage.getPageHeader(CoreJavaForSeleniumPage.java:24)
at pomPages.CoreJavaForSeleniumPage.getPageHeader(CoreJavaForSeleniumPage.java:24)
at pomPages.CoreJavaForSeleniumPage.getPageHeader(CoreJavaForSeleniumPage.java:24)
at pomPages.CoreJavaForSeleniumPage.getPageHeader(CoreJavaForSeleniumPage.java:24)
at pomPages.CoreJavaForSeleniumPage.getPageHeader(CoreJavaForSeleniumPage.java:24)
at pomPages.CoreJavaForSeleniumPage.getPageHeader(CoreJavaForSeleniumPage.java:24)
at pomPages.CoreJavaForSeleniumPage.getPageHeader(CoreJavaForSeleniumPage.java:24)
at pomPages.CoreJavaForSeleniumPage.getPageHeader(CoreJavaForSeleniumPage.java:24)
at pomPages.CoreJavaForSeleniumPage.getPageHeader(CoreJavaForSeleniumPage.java:24)
at pomPages.CoreJavaForSeleniumPage.getPageHeader(CoreJavaForSeleniumPage.java:24)
at pomPages.CoreJavaForSeleniumPage.getPageHeader(CoreJavaForSeleniumPage.java:24)
at pomPages.CoreJavaForSeleniumPage.getPageHeader(CoreJavaForSeleniumPage.java:24)
at pomPages.CoreJavaForSeleniumPage.getPageHeader(CoreJavaForSeleniumPage.java:24)
at pomPages.CoreJavaForSeleniumPage.getPageHeader(CoreJavaForSeleniumPage.java:24)
at pomPages.CoreJavaForSeleniumPage.getPageHeader(CoreJavaForSeleniumPage.java:24)
at pomPages.CoreJavaForSeleniumPage.getPageHeader(CoreJavaForSeleniumPage.java:24)
at pomPages.CoreJavaForSeleniumPage.getPageHeader(CoreJavaForSeleniumPage.java:24)
at pomPages.CoreJavaForSeleniumPage.getPageHeader(CoreJavaForSeleniumPage.java:24)
at pomPages.CoreJavaForSeleniumPage.getPageHeader(CoreJavaForSeleniumPage.java:24)
at pomPages.CoreJavaForSeleniumPage.getPageHeader(CoreJavaForSeleniumPage.java:24)
at pomPages.CoreJavaForSeleniumPage.getPageHeader(CoreJavaForSeleniumPage.java:24)
at pomPages.CoreJavaForSeleniumPage.getPageHeader(CoreJavaForSeleniumPage.java:24)
at pomPages.CoreJavaForSeleniumPage.getPageHeader(CoreJavaForSeleniumPage.java:24)
at pomPages.CoreJavaForSeleniumPage.getPageHeader(CoreJavaForSeleniumPage.java:24)
at pomPages.CoreJavaForSeleniumPage.getPageHeader(CoreJavaForSeleniumPage.java:24)
at pomPages.CoreJavaForSeleniumPage.getPageHeader(CoreJavaForSeleniumPage.java:24)
at pomPages.CoreJavaForSeleniumPage.getPageHeader(CoreJavaForSeleniumPage.java:24)
at pomPages.CoreJavaForSeleniumPage.getPageHeader(CoreJavaForSeleniumPage.java:24)
at pomPages.CoreJavaForSeleniumPage.getPageHeader(CoreJavaForSeleniumPage.java:24)
at pomPages.CoreJavaForSeleniumPage.getPageHeader(CoreJavaForSeleniumPage.java:24)
at pomPages.CoreJavaForSeleniumPage.getPageHeader(CoreJavaForSeleniumPage.java:24)
at pomPages.CoreJavaForSeleniumPage.getPageHeader(CoreJavaForSeleniumPage.java:24)
at pomPages.CoreJavaForSeleniumPage.getPageHeader(CoreJavaForSeleniumPage.java:24)
at pomPages.CoreJavaForSeleniumPage.getPageHeader(CoreJavaForSeleniumPage.java:24)
at pomPages.CoreJavaForSeleniumPage.getPageHeader(CoreJavaForSeleniumPage.java:24)
at pomPages.CoreJavaForSeleniumPage.getPageHeader(CoreJavaForSeleniumPage.java:24)
at pomPages.CoreJavaForSeleniumPage.getPageHeader(CoreJavaForSeleniumPage.java:24)
at pomPages.CoreJavaForSeleniumPage.getPageHeader(CoreJavaForSeleniumPage.java:24)
at pomPages.CoreJavaForSeleniumPage.getPageHeader(CoreJavaForSeleniumPage.java:24)
at pomPages.CoreJavaForSeleniumPage.getPageHeader(CoreJavaForSeleniumPage.java:24)
at pomPages.CoreJavaForSeleniumPage.getPageHeader(CoreJavaForSeleniumPage.java:24)
at pomPages.CoreJavaForSeleniumPage.getPageHeader(CoreJavaForSeleniumPage.java:24)
at pomPages.CoreJavaForSeleniumPage.getPageHeader(CoreJavaForSeleniumPage.java:24)
at pomPages.CoreJavaForSeleniumPage.getPageHeader(CoreJavaForSeleniumPage.java:24)
at pomPages.CoreJavaForSeleniumPage.getPageHeader(CoreJavaForSeleniumPage.java:24)
at pomPages.CoreJavaForSeleniumPage.getPageHeader(CoreJavaForSeleniumPage.java:24)
at pomPages.CoreJavaForSeleniumPage.getPageHeader(CoreJavaForSeleniumPage.java:24)
at pomPages.CoreJavaForSeleniumPage.getPageHeader(CoreJavaForSeleniumPage.java:24)
at pomPages.CoreJavaForSeleniumPage.getPageHeader(CoreJavaForSeleniumPage.java:24)
at pomPages.CoreJavaForSeleniumPage.getPageHeader(CoreJavaForSeleniumPage.java:24)
at pomPages.CoreJavaForSeleniumPage.getPageHeader(CoreJavaForSeleniumPage.java:24)
at pomPages.CoreJavaForSeleniumPage.getPageHeader(CoreJavaForSeleniumPage.java:24)
at pomPages.CoreJavaForSeleniumPage.getPageHeader(CoreJavaForSeleniumPage.java:24)
at pomPages.CoreJavaForSeleniumPage.getPageHeader(CoreJavaForSeleniumPage.java:24)
at pomPages.CoreJavaForSeleniumPage.getPageHeader(CoreJavaForSeleniumPage.java:24)
at pomPages.CoreJavaForSeleniumPage.getPageHeader(CoreJavaForSeleniumPage.java:24)
at pomPages.CoreJavaForSeleniumPage.getPageHeader(CoreJavaForSeleniumPage.java:24)
at pomPages.CoreJavaForSeleniumPage.getPageHeader(CoreJavaForSeleniumPage.java:24)
at pomPages.CoreJavaForSeleniumPage.getPageHeader(CoreJavaForSeleniumPage.java:24)
at pomPages.CoreJavaForSeleniumPage.getPageHeader(CoreJavaForSeleniumPage.java:24)
at pomPages.CoreJavaForSeleniumPage.getPageHeader(CoreJavaForSeleniumPage.java:24)
at pomPages.CoreJavaForSeleniumPage.getPageHeader(CoreJavaForSeleniumPage.java:24)
at pomPages.CoreJavaForSeleniumPage.getPageHeader(CoreJavaForSeleniumPage.java:24)
at pomPages.CoreJavaForSeleniumPage.getPageHeader(CoreJavaForSeleniumPage.java:24)
at pomPages.CoreJavaForSeleniumPage.getPageHeader(CoreJavaForSeleniumPage.java:24)
at pomPages.CoreJavaForSeleniumPage.getPageHeader(CoreJavaForSeleniumPage.java:24)
at pomPages.CoreJavaForSeleniumPage.getPageHeader(CoreJavaForSeleniumPage.java:24)
at pomPages.CoreJavaForSeleniumPage.getPageHeader(CoreJavaForSeleniumPage.java:24)
at pomPages.CoreJavaForSeleniumPage.getPageHeader(CoreJavaForSeleniumPage.java:24)
at pomPages.CoreJavaForSeleniumPage.getPageHeader(CoreJavaForSeleniumPage.java:24)
at pomPages.CoreJavaForSeleniumPage.getPageHeader(CoreJavaForSeleniumPage.java:24)
at pomPages.CoreJavaForSeleniumPage.getPageHeader(CoreJavaForSeleniumPage.java:24)
at pomPages.CoreJavaForSeleniumPage.getPageHeader(CoreJavaForSeleniumPage.java:24)
at pomPages.CoreJavaForSeleniumPage.getPageHeader(CoreJavaForSeleniumPage.java:24)
at pomPages.CoreJavaForSeleniumPage.getPageHeader(CoreJavaForSeleniumPage.java:24)
at pomPages.CoreJavaForSeleniumPage.getPageHeader(CoreJavaForSeleniumPage.java:24)
at pomPages.CoreJavaForSeleniumPage.getPageHeader(CoreJavaForSeleniumPage.java:24)
at pomPages.CoreJavaForSeleniumPage.getPageHeader(CoreJavaForSeleniumPage.java:24)
at pomPages.CoreJavaForSeleniumPage.getPageHeader(CoreJavaForSeleniumPage.java:24)
at pomPages.CoreJavaForSeleniumPage.getPageHeader(CoreJavaForSeleniumPage.java:24)
at pomPages.CoreJavaForSeleniumPage.getPageHeader(CoreJavaForSeleniumPage.java:24)
at pomPages.CoreJavaForSeleniumPage.getPageHeader(CoreJavaForSeleniumPage.java:24)
at pomPages.CoreJavaForSeleniumPage.getPageHeader(CoreJavaForSeleniumPage.java:24)
at pomPages.CoreJavaForSeleniumPage.getPageHeader(CoreJavaForSeleniumPage.java:24)
at pomPages.CoreJavaForSeleniumPage.getPageHeader(CoreJavaForSeleniumPage.java:24)
at pomPages.CoreJavaForSeleniumPage.getPageHeader(CoreJavaForSeleniumPage.java:24)
at pomPages.CoreJavaForSeleniumPage.getPageHeader(CoreJavaForSeleniumPage.java:24)
at pomPages.CoreJavaForSeleniumPage.getPageHeader(CoreJavaForSeleniumPage.java:24)
at pomPages.CoreJavaForSeleniumPage.getPageHeader(CoreJavaForSeleniumPage.java:24)
at pomPages.CoreJavaForSeleniumPage.getPageHeader(CoreJavaForSeleniumPage.java:24)
at pomPages.CoreJavaForSeleniumPage.getPageHeader(CoreJavaForSeleniumPage.java:24)
at pomPages.CoreJavaForSeleniumPage.getPageHeader(CoreJavaForSeleniumPage.java:24)
at pomPages.CoreJavaForSeleniumPage.getPageHeader(CoreJavaForSeleniumPage.java:24)
at pomPages.CoreJavaForSeleniumPage.getPageHeader(CoreJavaForSeleniumPage.java:24)
at pomPages.CoreJavaForSeleniumPage.getPageHeader(CoreJavaForSeleniumPage.java:24)
at pomPages.CoreJavaForSeleniumPage.getPageHeader(CoreJavaForSeleniumPage.java:24)
at pomPages.CoreJavaForSeleniumPage.getPageHeader(CoreJavaForSeleniumPage.java:24)
at pomPages.CoreJavaForSeleniumPage.getPageHeader(CoreJavaForSeleniumPage.java:24)
at pomPages.CoreJavaForSeleniumPage.getPageHeader(CoreJavaForSeleniumPage.java:24)
at pomPages.CoreJavaForSeleniumPage.getPageHeader(CoreJavaForSeleniumPage.java:24)
at pomPages.CoreJavaForSeleniumPage.getPageHeader(CoreJavaForSeleniumPage.java:24)
at pomPages.CoreJavaForSeleniumPage.getPageHeader(CoreJavaForSeleniumPage.java:24)
at pomPages.CoreJavaForSeleniumPage.getPageHeader(CoreJavaForSeleniumPage.java:24)
at pomPages.CoreJavaForSeleniumPage.getPageHeader(CoreJavaForSeleniumPage.java:24)
at pomPages.CoreJavaForSeleniumPage.getPageHeader(CoreJavaForSeleniumPage.java:24)
at pomPages.CoreJavaForSeleniumPage.getPageHeader(CoreJavaForSeleniumPage.java:24)
at pomPages.CoreJavaForSeleniumPage.getPageHeader(CoreJavaForSeleniumPage.java:24)
at pomPages.CoreJavaForSeleniumPage.getPageHeader(CoreJavaForSeleniumPage.java:24)
at pomPages.CoreJavaForSeleniumPage.getPageHeader(CoreJavaForSeleniumPage.java:24)
at pomPages.CoreJavaForSeleniumPage.getPageHeader(CoreJavaForSeleniumPage.java:24)
at pomPages.CoreJavaForSeleniumPage.getPageHeader(CoreJavaForSeleniumPage.java:24)
at pomPages.CoreJavaForSeleniumPage.getPageHeader(CoreJavaForSeleniumPage.java:24)
at pomPages.CoreJavaForSeleniumPage.getPageHeader(CoreJavaForSeleniumPage.java:24)
at pomPages.CoreJavaForSeleniumPage.getPageHeader(CoreJavaForSeleniumPage.java:24)
at pomPages.CoreJavaForSeleniumPage.getPageHeader(CoreJavaForSeleniumPage.java:24)
at pomPages.CoreJavaForSeleniumPage.getPageHeader(CoreJavaForSeleniumPage.java:24)
at pomPages.CoreJavaForSeleniumPage.getPageHeader(CoreJavaForSeleniumPage.java:24)
at pomPages.CoreJavaForSeleniumPage.getPageHeader(CoreJavaForSeleniumPage.java:24)
at pomPages.CoreJavaForSeleniumPage.getPageHeader(CoreJavaForSeleniumPage.java:24)
at pomPages.CoreJavaForSeleniumPage.getPageHeader(CoreJavaForSeleniumPage.java:24)
at pomPages.CoreJavaForSeleniumPage.getPageHeader(CoreJavaForSeleniumPage.java:24)
at pomPages.CoreJavaForSeleniumPage.getPageHeader(CoreJavaForSeleniumPage.java:24)
at pomPages.CoreJavaForSeleniumPage.getPageHeader(CoreJavaForSeleniumPage.java:24)
at pomPages.CoreJavaForSeleniumPage.getPageHeader(CoreJavaForSeleniumPage.java:24)
at pomPages.CoreJavaForSeleniumPage.getPageHeader(CoreJavaForSeleniumPage.java:24)
at pomPages.CoreJavaForSeleniumPage.getPageHeader(CoreJavaForSeleniumPage.java:24)
at pomPages.CoreJavaForSeleniumPage.getPageHeader(CoreJavaForSeleniumPage.java:24)
at pomPages.CoreJavaForSeleniumPage.getPageHeader(CoreJavaForSeleniumPage.java:24)
at pomPages.CoreJavaForSeleniumPage.getPageHeader(CoreJavaForSeleniumPage.java:24)
at pomPages.CoreJavaForSeleniumPage.getPageHeader(CoreJavaForSeleniumPage.java:24)
at pomPages.CoreJavaForSeleniumPage.getPageHeader(CoreJavaForSeleniumPage.java:24)
at pomPages.CoreJavaForSeleniumPage.getPageHeader(CoreJavaForSeleniumPage.java:24)
at pomPages.CoreJavaForSeleniumPage.getPageHeader(CoreJavaForSeleniumPage.java:24)
at pomPages.CoreJavaForSeleniumPage.getPageHeader(CoreJavaForSeleniumPage.java:24)
at pomPages.CoreJavaForSeleniumPage.getPageHeader(CoreJavaForSeleniumPage.java:24)
at pomPages.CoreJavaForSeleniumPage.getPageHeader(CoreJavaForSeleniumPage.java:24)
at pomPages.CoreJavaForSeleniumPage.getPageHeader(CoreJavaForSeleniumPage.java:24)
at pomPages.CoreJavaForSeleniumPage.getPageHeader(CoreJavaForSeleniumPage.java:24)
at pomPages.CoreJavaForSeleniumPage.getPageHeader(CoreJavaForSeleniumPage.java:24)
at pomPages.CoreJavaForSeleniumPage.getPageHeader(CoreJavaForSeleniumPage.java:24)
at pomPages.CoreJavaForSeleniumPage.getPageHeader(CoreJavaForSeleniumPage.java:24)
at pomPages.CoreJavaForSeleniumPage.getPageHeader(CoreJavaForSeleniumPage.java:24)
at pomPages.CoreJavaForSeleniumPage.getPageHeader(CoreJavaForSeleniumPage.java:24)
at pomPages.CoreJavaForSeleniumPage.getPageHeader(CoreJavaForSeleniumPage.java:24)
at pomPages.CoreJavaForSeleniumPage.getPageHeader(CoreJavaForSeleniumPage.java:24)
at pomPages.CoreJavaForSeleniumPage.getPageHeader(CoreJavaForSeleniumPage.java:24)
at pomPages.CoreJavaForSeleniumPage.getPageHeader(CoreJavaForSeleniumPage.java:24)
at pomPages.CoreJavaForSeleniumPage.getPageHeader(CoreJavaForSeleniumPage.java:24)
at pomPages.CoreJavaForSeleniumPage.getPageHeader(CoreJavaForSeleniumPage.java:24)
at pomPages.CoreJavaForSeleniumPage.getPageHeader(CoreJavaForSeleniumPage.java:24)
at pomPages.CoreJavaForSeleniumPage.getPageHeader(CoreJavaForSeleniumPage.java:24)
at pomPages.CoreJavaForSeleniumPage.getPageHeader(CoreJavaForSeleniumPage.java:24)
at pomPages.CoreJavaForSeleniumPage.getPageHeader(CoreJavaForSeleniumPage.java:24)
at pomPages.CoreJavaForSeleniumPage.getPageHeader(CoreJavaForSeleniumPage.java:24)
at pomPages.CoreJavaForSeleniumPage.getPageHeader(CoreJavaForSeleniumPage.java:24)
at pomPages.CoreJavaForSeleniumPage.getPageHeader(CoreJavaForSeleniumPage.java:24)
at pomPages.CoreJavaForSeleniumPage.getPageHeader(CoreJavaForSeleniumPage.java:24)
at pomPages.CoreJavaForSeleniumPage.getPageHeader(CoreJavaForSeleniumPage.java:24)
at pomPages.CoreJavaForSeleniumPage.getPageHeader(CoreJavaForSeleniumPage.java:24)
at pomPages.CoreJavaForSeleniumPage.getPageHeader(CoreJavaForSeleniumPage.java:24)
at pomPages.CoreJavaForSeleniumPage.getPageHeader(CoreJavaForSeleniumPage.java:24)
at pomPages.CoreJavaForSeleniumPage.getPageHeader(CoreJavaForSeleniumPage.java:24)
at pomPages.CoreJavaForSeleniumPage.getPageHeader(CoreJavaForSeleniumPage.java:24)
at pomPages.CoreJavaForSeleniumPage.getPageHeader(CoreJavaForSeleniumPage.java:24)
at pomPages.CoreJavaForSeleniumPage.getPageHeader(CoreJavaForSeleniumPage.java:24)
at pomPages.CoreJavaForSeleniumPage.getPageHeader(CoreJavaForSeleniumPage.java:24)
at pomPages.CoreJavaForSeleniumPage.getPageHeader(CoreJavaForSeleniumPage.java:24)
at pomPages.CoreJavaForSeleniumPage.getPageHeader(CoreJavaForSeleniumPage.java:24)
at pomPages.CoreJavaForSeleniumPage.getPageHeader(CoreJavaForSeleniumPage.java:24)
at pomPages.CoreJavaForSeleniumPage.getPageHeader(CoreJavaForSeleniumPage.java:24)
at pomPages.CoreJavaForSeleniumPage.getPageHeader(CoreJavaForSeleniumPage.java:24)
at pomPages.CoreJavaForSeleniumPage.getPageHeader(CoreJavaForSeleniumPage.java:24)
at pomPages.CoreJavaForSeleniumPage.getPageHeader(CoreJavaForSeleniumPage.java:24)
at pomPages.CoreJavaForSeleniumPage.getPageHeader(CoreJavaForSeleniumPage.java:24)
at pomPages.CoreJavaForSeleniumPage.getPageHeader(CoreJavaForSeleniumPage.java:24)
at pomPages.CoreJavaForSeleniumPage.getPageHeader(CoreJavaForSeleniumPage.java:24)
at pomPages.CoreJavaForSeleniumPage.getPageHeader(CoreJavaForSeleniumPage.java:24)
at pomPages.CoreJavaForSeleniumPage.getPageHeader(CoreJavaForSeleniumPage.java:24)
at pomPages.CoreJavaForSeleniumPage.getPageHeader(CoreJavaForSeleniumPage.java:24)
at pomPages.CoreJavaForSeleniumPage.getPageHeader(CoreJavaForSeleniumPage.java:24)
at pomPages.CoreJavaForSeleniumPage.getPageHeader(CoreJavaForSeleniumPage.java:24)
at pomPages.CoreJavaForSeleniumPage.getPageHeader(CoreJavaForSeleniumPage.java:24)
at pomPages.CoreJavaForSeleniumPage.getPageHeader(CoreJavaForSeleniumPage.java:24)
at pomPages.CoreJavaForSeleniumPage.getPageHeader(CoreJavaForSeleniumPage.java:24)
at pomPages.CoreJavaForSeleniumPage.getPageHeader(CoreJavaForSeleniumPage.java:24)
at pomPages.CoreJavaForSeleniumPage.getPageHeader(CoreJavaForSeleniumPage.java:24)
at pomPages.CoreJavaForSeleniumPage.getPageHeader(CoreJavaForSeleniumPage.java:24)
at pomPages.CoreJavaForSeleniumPage.getPageHeader(CoreJavaForSeleniumPage.java:24)
at pomPages.CoreJavaForSeleniumPage.getPageHeader(CoreJavaForSeleniumPage.java:24)
at pomPages.CoreJavaForSeleniumPage.getPageHeader(CoreJavaForSeleniumPage.java:24)
at pomPages.CoreJavaForSeleniumPage.getPageHeader(CoreJavaForSeleniumPage.java:24)
at pomPages.CoreJavaForSeleniumPage.getPageHeader(CoreJavaForSeleniumPage.java:24)
at pomPages.CoreJavaForSeleniumPage.getPageHeader(CoreJavaForSeleniumPage.java:24)
at pomPages.CoreJavaForSeleniumPage.getPageHeader(CoreJavaForSeleniumPage.java:24)
at pomPages.CoreJavaForSeleniumPage.getPageHeader(CoreJavaForSeleniumPage.java:24)
at pomPages.CoreJavaForSeleniumPage.getPageHeader(CoreJavaForSeleniumPage.java:24)
at pomPages.CoreJavaForSeleniumPage.getPageHeader(CoreJavaForSeleniumPage.java:24)
at pomPages.CoreJavaForSeleniumPage.getPageHeader(CoreJavaForSeleniumPage.java:24)
at pomPages.CoreJavaForSeleniumPage.getPageHeader(CoreJavaForSeleniumPage.java:24)
at pomPages.CoreJavaForSeleniumPage.getPageHeader(CoreJavaForSeleniumPage.java:24)
at pomPages.CoreJavaForSeleniumPage.getPageHeader(CoreJavaForSeleniumPage.java:24)
at pomPages.CoreJavaForSeleniumPage.getPageHeader(CoreJavaForSeleniumPage.java:24)
at pomPages.CoreJavaForSeleniumPage.getPageHeader(CoreJavaForSeleniumPage.java:24)
at pomPages.CoreJavaForSeleniumPage.getPageHeader(CoreJavaForSeleniumPage.java:24)
at pomPages.CoreJavaForSeleniumPage.getPageHeader(CoreJavaForSeleniumPage.java:24)
at pomPages.CoreJavaForSeleniumPage.getPageHeader(CoreJavaForSeleniumPage.java:24)
at pomPages.CoreJavaForSeleniumPage.getPageHeader(CoreJavaForSeleniumPage.java:24)
at pomPages.CoreJavaForSeleniumPage.getPageHeader(CoreJavaForSeleniumPage.java:24)
at pomPages.CoreJavaForSeleniumPage.getPageHeader(CoreJavaForSeleniumPage.java:24)
at pomPages.CoreJavaForSeleniumPage.getPageHeader(CoreJavaForSeleniumPage.java:24)
at pomPages.CoreJavaForSeleniumPage.getPageHeader(CoreJavaForSeleniumPage.java:24)
at pomPages.CoreJavaForSeleniumPage.getPageHeader(CoreJavaForSeleniumPage.java:24)
at pomPages.CoreJavaForSeleniumPage.getPageHeader(CoreJavaForSeleniumPage.java:24)
at pomPages.CoreJavaForSeleniumPage.getPageHeader(CoreJavaForSeleniumPage.java:24)
at pomPages.CoreJavaForSeleniumPage.getPageHeader(CoreJavaForSeleniumPage.java:24)
at pomPages.CoreJavaForSeleniumPage.getPageHeader(CoreJavaForSeleniumPage.java:24)
at pomPages.CoreJavaForSeleniumPage.getPageHeader(CoreJavaForSeleniumPage.java:24)
at pomPages.CoreJavaForSeleniumPage.getPageHeader(CoreJavaForSeleniumPage.java:24)
at pomPages.CoreJavaForSeleniumPage.getPageHeader(CoreJavaForSeleniumPage.java:24)
at pomPages.CoreJavaForSeleniumPage.getPageHeader(CoreJavaForSeleniumPage.java:24)
at pomPages.CoreJavaForSeleniumPage.getPageHeader(CoreJavaForSeleniumPage.java:24)
at pomPages.CoreJavaForSeleniumPage.getPageHeader(CoreJavaForSeleniumPage.java:24)
at pomPages.CoreJavaForSeleniumPage.getPageHeader(CoreJavaForSeleniumPage.java:24)
at pomPages.CoreJavaForSeleniumPage.getPageHeader(CoreJavaForSeleniumPage.java:24)
at pomPages.CoreJavaForSeleniumPage.getPageHeader(CoreJavaForSeleniumPage.java:24)
at pomPages.CoreJavaForSeleniumPage.getPageHeader(CoreJavaForSeleniumPage.java:24)
at pomPages.CoreJavaForSeleniumPage.getPageHeader(CoreJavaForSeleniumPage.java:24)
at pomPages.CoreJavaForSeleniumPage.getPageHeader(CoreJavaForSeleniumPage.java:24)
at pomPages.CoreJavaForSeleniumPage.getPageHeader(CoreJavaForSeleniumPage.java:24)
at pomPages.CoreJavaForSeleniumPage.getPageHeader(CoreJavaForSeleniumPage.java:24)
at pomPages.CoreJavaForSeleniumPage.getPageHeader(CoreJavaForSeleniumPage.java:24)
at pomPages.CoreJavaForSeleniumPage.getPageHeader(CoreJavaForSeleniumPage.java:24)
at pomPages.CoreJavaForSeleniumPage.getPageHeader(CoreJavaForSeleniumPage.java:24)
at pomPages.CoreJavaForSeleniumPage.getPageHeader(CoreJavaForSeleniumPage.java:24)
at pomPages.CoreJavaForSeleniumPage.getPageHeader(CoreJavaForSeleniumPage.java:24)
at pomPages.CoreJavaForSeleniumPage.getPageHeader(CoreJavaForSeleniumPage.java:24)
at pomPages.CoreJavaForSeleniumPage.getPageHeader(CoreJavaForSeleniumPage.java:24)
at pomPages.CoreJavaForSeleniumPage.getPageHeader(CoreJavaForSeleniumPage.java:24)
at pomPages.CoreJavaForSeleniumPage.getPageHeader(CoreJavaForSeleniumPage.java:24)
at pomPages.CoreJavaForSeleniumPage.getPageHeader(CoreJavaForSeleniumPage.java:24)
at pomPages.CoreJavaForSeleniumPage.getPageHeader(CoreJavaForSeleniumPage.java:24)
at pomPages.CoreJavaForSeleniumPage.getPageHeader(CoreJavaForSeleniumPage.java:24)
at pomPages.CoreJavaForSeleniumPage.getPageHeader(CoreJavaForSeleniumPage.java:24)
at pomPages.CoreJavaForSeleniumPage.getPageHeader(CoreJavaForSeleniumPage.java:24)
at pomPages.CoreJavaForSeleniumPage.getPageHeader(CoreJavaForSeleniumPage.java:24)
at pomPages.CoreJavaForSeleniumPage.getPageHeader(CoreJavaForSeleniumPage.java:24)
at pomPages.CoreJavaForSeleniumPage.getPageHeader(CoreJavaForSeleniumPage.java:24)
at pomPages.CoreJavaForSeleniumPage.getPageHeader(CoreJavaForSeleniumPage.java:24)
at pomPages.CoreJavaForSeleniumPage.getPageHeader(CoreJavaForSeleniumPage.java:24)
at pomPages.CoreJavaForSeleniumPage.getPageHeader(CoreJavaForSeleniumPage.java:24)
at pomPages.CoreJavaForSeleniumPage.getPageHeader(CoreJavaForSeleniumPage.java:24)
at pomPages.CoreJavaForSeleniumPage.getPageHeader(CoreJavaForSeleniumPage.java:24)
at pomPages.CoreJavaForSeleniumPage.getPageHeader(CoreJavaForSeleniumPage.java:24)
at pomPages.CoreJavaForSeleniumPage.getPageHeader(CoreJavaForSeleniumPage.java:24)
at pomPages.CoreJavaForSeleniumPage.getPageHeader(CoreJavaForSeleniumPage.java:24)
at pomPages.CoreJavaForSeleniumPage.getPageHeader(CoreJavaForSeleniumPage.java:24)
at pomPages.CoreJavaForSeleniumPage.getPageHeader(CoreJavaForSeleniumPage.java:24)
at pomPages.CoreJavaForSeleniumPage.getPageHeader(CoreJavaForSeleniumPage.java:24)
at pomPages.CoreJavaForSeleniumPage.getPageHeader(CoreJavaForSeleniumPage.java:24)
at pomPages.CoreJavaForSeleniumPage.getPageHeader(CoreJavaForSeleniumPage.java:24)
at pomPages.CoreJavaForSeleniumPage.getPageHeader(CoreJavaForSeleniumPage.java:24)
at pomPages.CoreJavaForSeleniumPage.getPageHeader(CoreJavaForSeleniumPage.java:24)
at pomPages.CoreJavaForSeleniumPage.getPageHeader(CoreJavaForSeleniumPage.java:24)
at pomPages.CoreJavaForSeleniumPage.getPageHeader(CoreJavaForSeleniumPage.java:24)
at pomPages.CoreJavaForSeleniumPage.getPageHeader(CoreJavaForSeleniumPage.java:24)
at pomPages.CoreJavaForSeleniumPage.getPageHeader(CoreJavaForSeleniumPage.java:24)
at pomPages.CoreJavaForSeleniumPage.getPageHeader(CoreJavaForSeleniumPage.java:24)
at pomPages.CoreJavaForSeleniumPage.getPageHeader(CoreJavaForSeleniumPage.java:24)
at pomPages.CoreJavaForSeleniumPage.getPageHeader(CoreJavaForSeleniumPage.java:24)
at pomPages.CoreJavaForSeleniumPage.getPageHeader(CoreJavaForSeleniumPage.java:24)
at pomPages.CoreJavaForSeleniumPage.getPageHeader(CoreJavaForSeleniumPage.java:24)
at pomPages.CoreJavaForSeleniumPage.getPageHeader(CoreJavaForSeleniumPage.java:24)
at pomPages.CoreJavaForSeleniumPage.getPageHeader(CoreJavaForSeleniumPage.java:24)
at pomPages.CoreJavaForSeleniumPage.getPageHeader(CoreJavaForSeleniumPage.java:24)
at pomPages.CoreJavaForSeleniumPage.getPageHeader(CoreJavaForSeleniumPage.java:24)
at pomPages.CoreJavaForSeleniumPage.getPageHeader(CoreJavaForSeleniumPage.java:24)
at pomPages.CoreJavaForSeleniumPage.getPageHeader(CoreJavaForSeleniumPage.java:24)
at pomPages.CoreJavaForSeleniumPage.getPageHeader(CoreJavaForSeleniumPage.java:24)
at pomPages.CoreJavaForSeleniumPage.getPageHeader(CoreJavaForSeleniumPage.java:24)
at pomPages.CoreJavaForSeleniumPage.getPageHeader(CoreJavaForSeleniumPage.java:24)
at pomPages.CoreJavaForSeleniumPage.getPageHeader(CoreJavaForSeleniumPage.java:24)
at pomPages.CoreJavaForSeleniumPage.getPageHeader(CoreJavaForSeleniumPage.java:24)
at pomPages.CoreJavaForSeleniumPage.getPageHeader(CoreJavaForSeleniumPage.java:24)
at pomPages.CoreJavaForSeleniumPage.getPageHeader(CoreJavaForSeleniumPage.java:24)
at pomPages.CoreJavaForSeleniumPage.getPageHeader(CoreJavaForSeleniumPage.java:24)
at pomPages.CoreJavaForSeleniumPage.getPageHeader(CoreJavaForSeleniumPage.java:24)
at pomPages.CoreJavaForSeleniumPage.getPageHeader(CoreJavaForSeleniumPage.java:24)
at pomPages.CoreJavaForSeleniumPage.getPageHeader(CoreJavaForSeleniumPage.java:24)
at pomPages.CoreJavaForSeleniumPage.getPageHeader(CoreJavaForSeleniumPage.java:24)
at pomPages.CoreJavaForSeleniumPage.getPageHeader(CoreJavaForSeleniumPage.java:24)
at pomPages.CoreJavaForSeleniumPage.getPageHeader(CoreJavaForSeleniumPage.java:24)
at pomPages.CoreJavaForSeleniumPage.getPageHeader(CoreJavaForSeleniumPage.java:24)
at pomPages.CoreJavaForSeleniumPage.getPageHeader(CoreJavaForSeleniumPage.java:24)
at pomPages.CoreJavaForSeleniumPage.getPageHeader(CoreJavaForSeleniumPage.java:24)
at pomPages.CoreJavaForSeleniumPage.getPageHeader(CoreJavaForSeleniumPage.java:24)
at pomPages.CoreJavaForSeleniumPage.getPageHeader(CoreJavaForSeleniumPage.java:24)
at pomPages.CoreJavaForSeleniumPage.getPageHeader(CoreJavaForSeleniumPage.java:24)
at pomPages.CoreJavaForSeleniumPage.getPageHeader(CoreJavaForSeleniumPage.java:24)
at pomPages.CoreJavaForSeleniumPage.getPageHeader(CoreJavaForSeleniumPage.java:24)
at pomPages.CoreJavaForSeleniumPage.getPageHeader(CoreJavaForSeleniumPage.java:24)
at pomPages.CoreJavaForSeleniumPage.getPageHeader(CoreJavaForSeleniumPage.java:24)
at pomPages.CoreJavaForSeleniumPage.getPageHeader(CoreJavaForSeleniumPage.java:24)
at pomPages.CoreJavaForSeleniumPage.getPageHeader(CoreJavaForSeleniumPage.java:24)
at pomPages.CoreJavaForSeleniumPage.getPageHeader(CoreJavaForSeleniumPage.java:24)
at pomPages.CoreJavaForSeleniumPage.getPageHeader(CoreJavaForSeleniumPage.java:24)
at pomPages.CoreJavaForSeleniumPage.getPageHeader(CoreJavaForSeleniumPage.java:24)
at pomPages.CoreJavaForSeleniumPage.getPageHeader(CoreJavaForSeleniumPage.java:24)
at pomPages.CoreJavaForSeleniumPage.getPageHeader(CoreJavaForSeleniumPage.java:24)
at pomPages.CoreJavaForSeleniumPage.getPageHeader(CoreJavaForSeleniumPage.java:24)
at pomPages.CoreJavaForSeleniumPage.getPageHeader(CoreJavaForSeleniumPage.java:24)
at pomPages.CoreJavaForSeleniumPage.getPageHeader(CoreJavaForSeleniumPage.java:24)
at pomPages.CoreJavaForSeleniumPage.getPageHeader(CoreJavaForSeleniumPage.java:24)
at pomPages.CoreJavaForSeleniumPage.getPageHeader(CoreJavaForSeleniumPage.java:24)
at pomPages.CoreJavaForSeleniumPage.getPageHeader(CoreJavaForSeleniumPage.java:24)
at pomPages.CoreJavaForSeleniumPage.getPageHeader(CoreJavaForSeleniumPage.java:24)
at pomPages.CoreJavaForSeleniumPage.getPageHeader(CoreJavaForSeleniumPage.java:24)
at pomPages.CoreJavaForSeleniumPage.getPageHeader(CoreJavaForSeleniumPage.java:24)
at pomPages.CoreJavaForSeleniumPage.getPageHeader(CoreJavaForSeleniumPage.java:24)
at pomPages.CoreJavaForSeleniumPage.getPageHeader(CoreJavaForSeleniumPage.java:24)
at pomPages.CoreJavaForSeleniumPage.getPageHeader(CoreJavaForSeleniumPage.java:24)
at pomPages.CoreJavaForSeleniumPage.getPageHeader(CoreJavaForSeleniumPage.java:24)
at pomPages.CoreJavaForSeleniumPage.getPageHeader(CoreJavaForSeleniumPage.java:24)
at pomPages.CoreJavaForSeleniumPage.getPageHeader(CoreJavaForSeleniumPage.java:24)
at pomPages.CoreJavaForSeleniumPage.getPageHeader(CoreJavaForSeleniumPage.java:24)
at pomPages.CoreJavaForSeleniumPage.getPageHeader(CoreJavaForSeleniumPage.java:24)
at pomPages.CoreJavaForSeleniumPage.getPageHeader(CoreJavaForSeleniumPage.java:24)
at pomPages.CoreJavaForSeleniumPage.getPageHeader(CoreJavaForSeleniumPage.java:24)
at pomPages.CoreJavaForSeleniumPage.getPageHeader(CoreJavaForSeleniumPage.java:24)
at pomPages.CoreJavaForSeleniumPage.getPageHeader(CoreJavaForSeleniumPage.java:24)
at pomPages.CoreJavaForSeleniumPage.getPageHeader(CoreJavaForSeleniumPage.java:24)
at pomPages.CoreJavaForSeleniumPage.getPageHeader(CoreJavaForSeleniumPage.java:24)
at pomPages.CoreJavaForSeleniumPage.getPageHeader(CoreJavaForSeleniumPage.java:24)
at pomPages.CoreJavaForSeleniumPage.getPageHeader(CoreJavaForSeleniumPage.java:24)
at pomPages.CoreJavaForSeleniumPage.getPageHeader(CoreJavaForSeleniumPage.java:24)
at pomPages.CoreJavaForSeleniumPage.getPageHeader(CoreJavaForSeleniumPage.java:24)
at pomPages.CoreJavaForSeleniumPage.getPageHeader(CoreJavaForSeleniumPage.java:24)
at pomPages.CoreJavaForSeleniumPage.getPageHeader(CoreJavaForSeleniumPage.java:24)
at pomPages.CoreJavaForSeleniumPage.getPageHeader(CoreJavaForSeleniumPage.java:24)
at pomPages.CoreJavaForSeleniumPage.getPageHeader(CoreJavaForSeleniumPage.java:24)
at pomPages.CoreJavaForSeleniumPage.getPageHeader(CoreJavaForSeleniumPage.java:24)
at pomPages.CoreJavaForSeleniumPage.getPageHeader(CoreJavaForSeleniumPage.java:24)
at pomPages.CoreJavaForSeleniumPage.getPageHeader(CoreJavaForSeleniumPage.java:24)
at pomPages.CoreJavaForSeleniumPage.getPageHeader(CoreJavaForSeleniumPage.java:24)
at pomPages.CoreJavaForSeleniumPage.getPageHeader(CoreJavaForSeleniumPage.java:24)
at pomPages.CoreJavaForSeleniumPage.getPageHeader(CoreJavaForSeleniumPage.java:24)
at pomPages.CoreJavaForSeleniumPage.getPageHeader(CoreJavaForSeleniumPage.java:24)
at pomPages.CoreJavaForSeleniumPage.getPageHeader(CoreJavaForSeleniumPage.java:24)
at pomPages.CoreJavaForSeleniumPage.getPageHeader(CoreJavaForSeleniumPage.java:24)
at pomPages.CoreJavaForSeleniumPage.getPageHeader(CoreJavaForSeleniumPage.java:24)
at pomPages.CoreJavaForSeleniumPage.getPageHeader(CoreJavaForSeleniumPage.java:24)
at pomPages.CoreJavaForSeleniumPage.getPageHeader(CoreJavaForSeleniumPage.java:24)
at pomPages.CoreJavaForSeleniumPage.getPageHeader(CoreJavaForSeleniumPage.java:24)
at pomPages.CoreJavaForSeleniumPage.getPageHeader(CoreJavaForSeleniumPage.java:24)
at pomPages.CoreJavaForSeleniumPage.getPageHeader(CoreJavaForSeleniumPage.java:24)
at pomPages.CoreJavaForSeleniumPage.getPageHeader(CoreJavaForSeleniumPage.java:24)
at pomPages.CoreJavaForSeleniumPage.getPageHeader(CoreJavaForSeleniumPage.java:24)
at pomPages.CoreJavaForSeleniumPage.getPageHeader(CoreJavaForSeleniumPage.java:24)
at pomPages.CoreJavaForSeleniumPage.getPageHeader(CoreJavaForSeleniumPage.java:24)
at pomPages.CoreJavaForSeleniumPage.getPageHeader(CoreJavaForSeleniumPage.java:24)
at pomPages.CoreJavaForSeleniumPage.getPageHeader(CoreJavaForSeleniumPage.java:24)
at pomPages.CoreJavaForSeleniumPage.getPageHeader(CoreJavaForSeleniumPage.java:24)
at pomPages.CoreJavaForSeleniumPage.getPageHeader(CoreJavaForSeleniumPage.java:24)
at pomPages.CoreJavaForSeleniumPage.getPageHeader(CoreJavaForSeleniumPage.java:24)
at pomPages.CoreJavaForSeleniumPage.getPageHeader(CoreJavaForSeleniumPage.java:24)
at pomPages.CoreJavaForSeleniumPage.getPageHeader(CoreJavaForSeleniumPage.java:24)
at pomPages.CoreJavaForSeleniumPage.getPageHeader(CoreJavaForSeleniumPage.java:24)
at pomPages.CoreJavaForSeleniumPage.getPageHeader(CoreJavaForSeleniumPage.java:24)
at pomPages.CoreJavaForSeleniumPage.getPageHeader(CoreJavaForSeleniumPage.java:24)
at pomPages.CoreJavaForSeleniumPage.getPageHeader(CoreJavaForSeleniumPage.java:24)
at pomPages.CoreJavaForSeleniumPage.getPageHeader(CoreJavaForSeleniumPage.java:24)
at pomPages.CoreJavaForSeleniumPage.getPageHeader(CoreJavaForSeleniumPage.java:24)
at pomPages.CoreJavaForSeleniumPage.getPageHeader(CoreJavaForSeleniumPage.java:24)
at pomPages.CoreJavaForSeleniumPage.getPageHeader(CoreJavaForSeleniumPage.java:24)
at pomPages.CoreJavaForSeleniumPage.getPageHeader(CoreJavaForSeleniumPage.java:24)
at pomPages.CoreJavaForSeleniumPage.getPageHeader(CoreJavaForSeleniumPage.java:24)
at pomPages.CoreJavaForSeleniumPage.getPageHeader(CoreJavaForSeleniumPage.java:24)
at pomPages.CoreJavaForSeleniumPage.getPageHeader(CoreJavaForSeleniumPage.java:24)
at pomPages.CoreJavaForSeleniumPage.getPageHeader(CoreJavaForSeleniumPage.java:24)
at pomPages.CoreJavaForSeleniumPage.getPageHeader(CoreJavaForSeleniumPage.java:24)
at pomPages.CoreJavaForSeleniumPage.getPageHeader(CoreJavaForSeleniumPage.java:24)
at pomPages.CoreJavaForSeleniumPage.getPageHeader(CoreJavaForSeleniumPage.java:24)
at pomPages.CoreJavaForSeleniumPage.getPageHeader(CoreJavaForSeleniumPage.java:24)
at pomPages.CoreJavaForSeleniumPage.getPageHeader(CoreJavaForSeleniumPage.java:24)
at pomPages.CoreJavaForSeleniumPage.getPageHeader(CoreJavaForSeleniumPage.java:24)
at pomPages.CoreJavaForSeleniumPage.getPageHeader(CoreJavaForSeleniumPage.java:24)
at pomPages.CoreJavaForSeleniumPage.getPageHeader(CoreJavaForSeleniumPage.java:24)
at pomPages.CoreJavaForSeleniumPage.getPageHeader(CoreJavaForSeleniumPage.java:24)
at pomPages.CoreJavaForSeleniumPage.getPageHeader(CoreJavaForSeleniumPage.java:24)
at pomPages.CoreJavaForSeleniumPage.getPageHeader(CoreJavaForSeleniumPage.java:24)
at pomPages.CoreJavaForSeleniumPage.getPageHeader(CoreJavaForSeleniumPage.java:24)
at pomPages.CoreJavaForSeleniumPage.getPageHeader(CoreJavaForSeleniumPage.java:24)
at pomPages.CoreJavaForSeleniumPage.getPageHeader(CoreJavaForSeleniumPage.java:24)
at pomPages.CoreJavaForSeleniumPage.getPageHeader(CoreJavaForSeleniumPage.java:24)
at pomPages.CoreJavaForSeleniumPage.getPageHeader(CoreJavaForSeleniumPage.java:24)
at pomPages.CoreJavaForSeleniumPage.getPageHeader(CoreJavaForSeleniumPage.java:24)
at pomPages.CoreJavaForSeleniumPage.getPageHeader(CoreJavaForSeleniumPage.java:24)
at pomPages.CoreJavaForSeleniumPage.getPageHeader(CoreJavaForSeleniumPage.java:24)
at pomPages.CoreJavaForSeleniumPage.getPageHeader(CoreJavaForSeleniumPage.java:24)
at pomPages.CoreJavaForSeleniumPage.getPageHeader(CoreJavaForSeleniumPage.java:24)
at pomPages.CoreJavaForSeleniumPage.getPageHeader(CoreJavaForSeleniumPage.java:24)
at pomPages.CoreJavaForSeleniumPage.getPageHeader(CoreJavaForSeleniumPage.java:24)
at pomPages.CoreJavaForSeleniumPage.getPageHeader(CoreJavaForSeleniumPage.java:24)
at pomPages.CoreJavaForSeleniumPage.getPageHeader(CoreJavaForSeleniumPage.java:24)
at pomPages.CoreJavaForSeleniumPage.getPageHeader(CoreJavaForSeleniumPage.java:24)
at pomPages.CoreJavaForSeleniumPage.getPageHeader(CoreJavaForSeleniumPage.java:24)
at pomPages.CoreJavaForSeleniumPage.getPageHeader(CoreJavaForSeleniumPage.java:24)
at pomPages.CoreJavaForSeleniumPage.getPageHeader(CoreJavaForSeleniumPage.java:24)
at pomPages.CoreJavaForSeleniumPage.getPageHeader(CoreJavaForSeleniumPage.java:24)
at pomPages.CoreJavaForSeleniumPage.getPageHeader(CoreJavaForSeleniumPage.java:24)
at pomPages.CoreJavaForSeleniumPage.getPageHeader(CoreJavaForSeleniumPage.java:24)
at pomPages.CoreJavaForSeleniumPage.getPageHeader(CoreJavaForSeleniumPage.java:24)
at pomPages.CoreJavaForSeleniumPage.getPageHeader(CoreJavaForSeleniumPage.java:24)
at pomPages.CoreJavaForSeleniumPage.getPageHeader(CoreJavaForSeleniumPage.java:24)
at pomPages.CoreJavaForSeleniumPage.getPageHeader(CoreJavaForSeleniumPage.java:24)
at pomPages.CoreJavaForSeleniumPage.getPageHeader(CoreJavaForSeleniumPage.java:24)
at pomPages.CoreJavaForSeleniumPage.getPageHeader(CoreJavaForSeleniumPage.java:24)
at pomPages.CoreJavaForSeleniumPage.getPageHeader(CoreJavaForSeleniumPage.java:24)
at pomPages.CoreJavaForSeleniumPage.getPageHeader(CoreJavaForSeleniumPage.java:24)
at pomPages.CoreJavaForSeleniumPage.getPageHeader(CoreJavaForSeleniumPage.java:24)
at pomPages.CoreJavaForSeleniumPage.getPageHeader(CoreJavaForSeleniumPage.java:24)
at pomPages.CoreJavaForSeleniumPage.getPageHeader(CoreJavaForSeleniumPage.java:24)
at pomPages.CoreJavaForSeleniumPage.getPageHeader(CoreJavaForSeleniumPage.java:24)
at pomPages.CoreJavaForSeleniumPage.getPageHeader(CoreJavaForSeleniumPage.java:24)
at pomPages.CoreJavaForSeleniumPage.getPageHeader(CoreJavaForSeleniumPage.java:24)
at pomPages.CoreJavaForSeleniumPage.getPageHeader(CoreJavaForSeleniumPage.java:24)
at pomPages.CoreJavaForSeleniumPage.getPageHeader(CoreJavaForSeleniumPage.java:24)
at pomPages.CoreJavaForSeleniumPage.getPageHeader(CoreJavaForSeleniumPage.java:24)
at pomPages.CoreJavaForSeleniumPage.getPageHeader(CoreJavaForSeleniumPage.java:24)
at pomPages.CoreJavaForSeleniumPage.getPageHeader(CoreJavaForSeleniumPage.java:24)
at pomPages.CoreJavaForSeleniumPage.getPageHeader(CoreJavaForSeleniumPage.java:24)
at pomPages.CoreJavaForSeleniumPage.getPageHeader(CoreJavaForSeleniumPage.java:24)
at pomPages.CoreJavaForSeleniumPage.getPageHeader(CoreJavaForSeleniumPage.java:24)
at pomPages.CoreJavaForSeleniumPage.getPageHeader(CoreJavaForSeleniumPage.java:24)
at pomPages.CoreJavaForSeleniumPage.getPageHeader(CoreJavaForSeleniumPage.java:24)
at pomPages.CoreJavaForSeleniumPage.getPageHeader(CoreJavaForSeleniumPage.java:24)
at pomPages.CoreJavaForSeleniumPage.getPageHeader(CoreJavaForSeleniumPage.java:24)
at pomPages.CoreJavaForSeleniumPage.getPageHeader(CoreJavaForSeleniumPage.java:24)
at pomPages.CoreJavaForSeleniumPage.getPageHeader(CoreJavaForSeleniumPage.java:24)
at pomPages.CoreJavaForSeleniumPage.getPageHeader(CoreJavaForSeleniumPage.java:24)
at pomPages.CoreJavaForSeleniumPage.getPageHeader(CoreJavaForSeleniumPage.java:24)
at pomPages.CoreJavaForSeleniumPage.getPageHeader(CoreJavaForSeleniumPage.java:24)
at pomPages.CoreJavaForSeleniumPage.getPageHeader(CoreJavaForSeleniumPage.java:24)
at pomPages.CoreJavaForSeleniumPage.getPageHeader(CoreJavaForSeleniumPage.java:24)
at pomPages.CoreJavaForSeleniumPage.getPageHeader(CoreJavaForSeleniumPage.java:24)
at pomPages.CoreJavaForSeleniumPage.getPageHeader(CoreJavaForSeleniumPage.java:24)
at pomPages.CoreJavaForSeleniumPage.getPageHeader(CoreJavaForSeleniumPage.java:24)
at pomPages.CoreJavaForSeleniumPage.getPageHeader(CoreJavaForSeleniumPage.java:24)
at pomPages.CoreJavaForSeleniumPage.getPageHeader(CoreJavaForSeleniumPage.java:24)
at pomPages.CoreJavaForSeleniumPage.getPageHeader(CoreJavaForSeleniumPage.java:24)
at pomPages.CoreJavaForSeleniumPage.getPageHeader(CoreJavaForSeleniumPage.java:24)
at pomPages.CoreJavaForSeleniumPage.getPageHeader(CoreJavaForSeleniumPage.java:24)
at pomPages.CoreJavaForSeleniumPage.getPageHeader(CoreJavaForSeleniumPage.java:24)
at pomPages.CoreJavaForSeleniumPage.getPageHeader(CoreJavaForSeleniumPage.java:24)
at pomPages.CoreJavaForSeleniumPage.getPageHeader(CoreJavaForSeleniumPage.java:24)
at pomPages.CoreJavaForSeleniumPage.getPageHeader(CoreJavaForSeleniumPage.java:24)
at pomPages.CoreJavaForSeleniumPage.getPageHeader(CoreJavaForSeleniumPage.java:24)
at pomPages.CoreJavaForSeleniumPage.getPageHeader(CoreJavaForSeleniumPage.java:24)
at pomPages.CoreJavaForSeleniumPage.getPageHeader(CoreJavaForSeleniumPage.java:24)
at pomPages.CoreJavaForSeleniumPage.getPageHeader(CoreJavaForSeleniumPage.java:24)
at pomPages.CoreJavaForSeleniumPage.getPageHeader(CoreJavaForSeleniumPage.java:24)
at pomPages.CoreJavaForSeleniumPage.getPageHeader(CoreJavaForSeleniumPage.java:24)
at pomPages.CoreJavaForSeleniumPage.getPageHeader(CoreJavaForSeleniumPage.java:24)
at pomPages.CoreJavaForSeleniumPage.getPageHeader(CoreJavaForSeleniumPage.java:24)
at pomPages.CoreJavaForSeleniumPage.getPageHeader(CoreJavaForSeleniumPage.java:24)
at pomPages.CoreJavaForSeleniumPage.getPageHeader(CoreJavaForSeleniumPage.java:24)
at pomPages.CoreJavaForSeleniumPage.getPageHeader(CoreJavaForSeleniumPage.java:24)
at pomPages.CoreJavaForSeleniumPage.getPageHeader(CoreJavaForSeleniumPage.java:24)
at pomPages.CoreJavaForSeleniumPage.getPageHeader(CoreJavaForSeleniumPage.java:24)
at pomPages.CoreJavaForSeleniumPage.getPageHeader(CoreJavaForSeleniumPage.java:24)
at pomPages.CoreJavaForSeleniumPage.getPageHeader(CoreJavaForSeleniumPage.java:24)
at pomPages.CoreJavaForSeleniumPage.getPageHeader(CoreJavaForSeleniumPage.java:24)
at pomPages.CoreJavaForSeleniumPage.getPageHeader(CoreJavaForSeleniumPage.java:24)
at pomPages.CoreJavaForSeleniumPage.getPageHeader(CoreJavaForSeleniumPage.java:24)
at pomPages.CoreJavaForSeleniumPage.getPageHeader(CoreJavaForSeleniumPage.java:24)
at pomPages.CoreJavaForSeleniumPage.getPageHeader(CoreJavaForSeleniumPage.java:24)
at pomPages.CoreJavaForSeleniumPage.getPageHeader(CoreJavaForSeleniumPage.java:24)
at pomPages.CoreJavaForSeleniumPage.getPageHeader(CoreJavaForSeleniumPage.java:24)
at pomPages.CoreJavaForSeleniumPage.getPageHeader(CoreJavaForSeleniumPage.java:24)
at pomPages.CoreJavaForSeleniumPage.getPageHeader(CoreJavaForSeleniumPage.java:24)
at pomPages.CoreJavaForSeleniumPage.getPageHeader(CoreJavaForSeleniumPage.java:24)
at pomPages.CoreJavaForSeleniumPage.getPageHeader(CoreJavaForSeleniumPage.java:24)
at pomPages.CoreJavaForSeleniumPage.getPageHeader(CoreJavaForSeleniumPage.java:24)
at pomPages.CoreJavaForSeleniumPage.getPageHeader(CoreJavaForSeleniumPage.java:24)
at pomPages.CoreJavaForSeleniumPage.getPageHeader(CoreJavaForSeleniumPage.java:24)
at pomPages.CoreJavaForSeleniumPage.getPageHeader(CoreJavaForSeleniumPage.java:24)
at pomPages.CoreJavaForSeleniumPage.getPageHeader(CoreJavaForSeleniumPage.java:24)
at pomPages.CoreJavaForSeleniumPage.getPageHeader(CoreJavaForSeleniumPage.java:24)
at pomPages.CoreJavaForSeleniumPage.getPageHeader(CoreJavaForSeleniumPage.java:24)
at pomPages.CoreJavaForSeleniumPage.getPageHeader(CoreJavaForSeleniumPage.java:24)
at pomPages.CoreJavaForSeleniumPage.getPageHeader(CoreJavaForSeleniumPage.java:24)
at pomPages.CoreJavaForSeleniumPage.getPageHeader(CoreJavaForSeleniumPage.java:24)
at pomPages.CoreJavaForSeleniumPage.getPageHeader(CoreJavaForSeleniumPage.java:24)
at pomPages.CoreJavaForSeleniumPage.getPageHeader(CoreJavaForSeleniumPage.java:24)
at pomPages.CoreJavaForSeleniumPage.getPageHeader(CoreJavaForSeleniumPage.java:24)
at pomPages.CoreJavaForSeleniumPage.getPageHeader(CoreJavaForSeleniumPage.java:24)
at pomPages.CoreJavaForSeleniumPage.getPageHeader(CoreJavaForSeleniumPage.java:24)
at pomPages.CoreJavaForSeleniumPage.getPageHeader(CoreJavaForSeleniumPage.java:24)
at pomPages.CoreJavaForSeleniumPage.getPageHeader(CoreJavaForSeleniumPage.java:24)
at pomPages.CoreJavaForSeleniumPage.getPageHeader(CoreJavaForSeleniumPage.java:24)
at pomPages.CoreJavaForSeleniumPage.getPageHeader(CoreJavaForSeleniumPage.java:24)
at pomPages.CoreJavaForSeleniumPage.getPageHeader(CoreJavaForSeleniumPage.java:24)
at pomPages.CoreJavaForSeleniumPage.getPageHeader(CoreJavaForSeleniumPage.java:24)
at pomPages.CoreJavaForSeleniumPage.getPageHeader(CoreJavaForSeleniumPage.java:24)
at pomPages.CoreJavaForSeleniumPage.getPageHeader(CoreJavaForSeleniumPage.java:24)
at pomPages.CoreJavaForSeleniumPage.getPageHeader(CoreJavaForSeleniumPage.java:24)
at pomPages.CoreJavaForSeleniumPage.getPageHeader(CoreJavaForSeleniumPage.java:24)
at pomPages.CoreJavaForSeleniumPage.getPageHeader(CoreJavaForSeleniumPage.java:24)
at pomPages.CoreJavaForSeleniumPage.getPageHeader(CoreJavaForSeleniumPage.java:24)
at pomPages.CoreJavaForSeleniumPage.getPageHeader(CoreJavaForSeleniumPage.java:24)
at pomPages.CoreJavaForSeleniumPage.getPageHeader(CoreJavaForSeleniumPage.java:24)
at pomPages.CoreJavaForSeleniumPage.getPageHeader(CoreJavaForSeleniumPage.java:24)
at pomPages.CoreJavaForSeleniumPage.getPageHeader(CoreJavaForSeleniumPage.java:24)
at pomPages.CoreJavaForSeleniumPage.getPageHeader(CoreJavaForSeleniumPage.java:24)
at pomPages.CoreJavaForSeleniumPage.getPageHeader(CoreJavaForSeleniumPage.java:24)
at pomPages.CoreJavaForSeleniumPage.getPageHeader(CoreJavaForSeleniumPage.java:24)
at pomPages.CoreJavaForSeleniumPage.getPageHeader(CoreJavaForSeleniumPage.java:24)
at pomPages.CoreJavaForSeleniumPage.getPageHeader(CoreJavaForSeleniumPage.java:24)
at pomPages.CoreJavaForSeleniumPage.getPageHeader(CoreJavaForSeleniumPage.java:24)
at pomPages.CoreJavaForSeleniumPage.getPageHeader(CoreJavaForSeleniumPage.java:24)
at pomPages.CoreJavaForSeleniumPage.getPageHeader(CoreJavaForSeleniumPage.java:24)
at pomPages.CoreJavaForSeleniumPage.getPageHeader(CoreJavaForSeleniumPage.java:24)
at pomPages.CoreJavaForSeleniumPage.getPageHeader(CoreJavaForSeleniumPage.java:24)
at pomPages.CoreJavaForSeleniumPage.getPageHeader(CoreJavaForSeleniumPage.java:24)
at pomPages.CoreJavaForSeleniumPage.getPageHeader(CoreJavaForSeleniumPage.java:24)
at pomPages.CoreJavaForSeleniumPage.getPageHeader(CoreJavaForSeleniumPage.java:24)
at pomPages.CoreJavaForSeleniumPage.getPageHeader(CoreJavaForSeleniumPage.java:24)
at pomPages.CoreJavaForSeleniumPage.getPageHeader(CoreJavaForSeleniumPage.java:24)
at pomPages.CoreJavaForSeleniumPage.getPageHeader(CoreJavaForSeleniumPage.java:24)
at pomPages.CoreJavaForSeleniumPage.getPageHeader(CoreJavaForSeleniumPage.java:24)
at pomPages.CoreJavaForSeleniumPage.getPageHeader(CoreJavaForSeleniumPage.java:24)
at pomPages.CoreJavaForSeleniumPage.getPageHeader(CoreJavaForSeleniumPage.java:24)
at pomPages.CoreJavaForSeleniumPage.getPageHeader(CoreJavaForSeleniumPage.java:24)
at pomPages.CoreJavaForSeleniumPage.getPageHeader(CoreJavaForSeleniumPage.java:24)
at pomPages.CoreJavaForSeleniumPage.getPageHeader(CoreJavaForSeleniumPage.java:24)
at pomPages.CoreJavaForSeleniumPage.getPageHeader(CoreJavaForSeleniumPage.java:24)
at pomPages.CoreJavaForSeleniumPage.getPageHeader(CoreJavaForSeleniumPage.java:24)
at pomPages.CoreJavaForSeleniumPage.getPageHeader(CoreJavaForSeleniumPage.java:24)
at pomPages.CoreJavaForSeleniumPage.getPageHeader(CoreJavaForSeleniumPage.java:24)
at pomPages.CoreJavaForSeleniumPage.getPageHeader(CoreJavaForSeleniumPage.java:24)
at pomPages.CoreJavaForSeleniumPage.getPageHeader(CoreJavaForSeleniumPage.java:24)
at pomPages.CoreJavaForSeleniumPage.getPageHeader(CoreJavaForSeleniumPage.java:24)
at pomPages.CoreJavaForSeleniumPage.getPageHeader(CoreJavaForSeleniumPage.java:24)
at pomPages.CoreJavaForSeleniumPage.getPageHeader(CoreJavaForSeleniumPage.java:24)
at pomPages.CoreJavaForSeleniumPage.getPageHeader(CoreJavaForSeleniumPage.java:24)
at pomPages.CoreJavaForSeleniumPage.getPageHeader(CoreJavaForSeleniumPage.java:24)
at pomPages.CoreJavaForSeleniumPage.getPageHeader(CoreJavaForSeleniumPage.java:24)
at pomPages.CoreJavaForSeleniumPage.getPageHeader(CoreJavaForSeleniumPage.java:24)
at pomPages.CoreJavaForSeleniumPage.getPageHeader(CoreJavaForSeleniumPage.java:24)
at pomPages.CoreJavaForSeleniumPage.getPageHeader(CoreJavaForSeleniumPage.java:24)
at pomPages.CoreJavaForSeleniumPage.getPageHeader(CoreJavaForSeleniumPage.java:24)
at pomPages.CoreJavaForSeleniumPage.getPageHeader(CoreJavaForSeleniumPage.java:24)
at pomPages.CoreJavaForSeleniumPage.getPageHeader(CoreJavaForSeleniumPage.java:24)
at pomPages.CoreJavaForSeleniumPage.getPageHeader(CoreJavaForSeleniumPage.java:24)
at pomPages.CoreJavaForSeleniumPage.getPageHeader(CoreJavaForSeleniumPage.java:24)
at pomPages.CoreJavaForSeleniumPage.getPageHeader(CoreJavaForSeleniumPage.java:24)
at pomPages.CoreJavaForSeleniumPage.getPageHeader(CoreJavaForSeleniumPage.java:24)
at pomPages.CoreJavaForSeleniumPage.getPageHeader(CoreJavaForSeleniumPage.java:24)
at pomPages.CoreJavaForSeleniumPage.getPageHeader(CoreJavaForSeleniumPage.java:24)
at pomPages.CoreJavaForSeleniumPage.getPageHeader(CoreJavaForSeleniumPage.java:24)
at pomPages.CoreJavaForSeleniumPage.getPageHeader(CoreJavaForSeleniumPage.java:24)
at pomPages.CoreJavaForSeleniumPage.getPageHeader(CoreJavaForSeleniumPage.java:24)
at pomPages.CoreJavaForSeleniumPage.getPageHeader(CoreJavaForSeleniumPage.java:24)
at pomPages.CoreJavaForSeleniumPage.getPageHeader(CoreJavaForSeleniumPage.java:24)
at pomPages.CoreJavaForSeleniumPage.getPageHeader(CoreJavaForSeleniumPage.java:24)
at pomPages.CoreJavaForSeleniumPage.getPageHeader(CoreJavaForSeleniumPage.java:24)
at pomPages.CoreJavaForSeleniumPage.getPageHeader(CoreJavaForSeleniumPage.java:24)
at pomPages.CoreJavaForSeleniumPage.getPageHeader(CoreJavaForSeleniumPage.java:24)
at pomPages.CoreJavaForSeleniumPage.getPageHeader(CoreJavaForSeleniumPage.java:24)
at pomPages.CoreJavaForSeleniumPage.getPageHeader(CoreJavaForSeleniumPage.java:24)
at pomPages.CoreJavaForSeleniumPage.getPageHeader(CoreJavaForSeleniumPage.java:24)
at pomPages.CoreJavaForSeleniumPage.getPageHeader(CoreJavaForSeleniumPage.java:24)
at pomPages.CoreJavaForSeleniumPage.getPageHeader(CoreJavaForSeleniumPage.java:24)
at pomPages.CoreJavaForSeleniumPage.getPageHeader(CoreJavaForSeleniumPage.java:24)
at pomPages.CoreJavaForSeleniumPage.getPageHeader(CoreJavaForSeleniumPage.java:24)
at pomPages.CoreJavaForSeleniumPage.getPageHeader(CoreJavaForSeleniumPage.java:24)
at pomPages.CoreJavaForSeleniumPage.getPageHeader(CoreJavaForSeleniumPage.java:24)
at pomPages.CoreJavaForSeleniumPage.getPageHeader(CoreJavaForSeleniumPage.java:24)
at pomPages.CoreJavaForSeleniumPage.getPageHeader(CoreJavaForSeleniumPage.java:24)
at pomPages.CoreJavaForSeleniumPage.getPageHeader(CoreJavaForSeleniumPage.java:24)
at pomPages.CoreJavaForSeleniumPage.getPageHeader(CoreJavaForSeleniumPage.java:24)
at pomPages.CoreJavaForSeleniumPage.getPageHeader(CoreJavaForSeleniumPage.java:24)
at pomPages.CoreJavaForSeleniumPage.getPageHeader(CoreJavaForSeleniumPage.java:24)
at pomPages.CoreJavaForSeleniumPage.getPageHeader(CoreJavaForSeleniumPage.java:24)
at pomPages.CoreJavaForSeleniumPage.getPageHeader(CoreJavaForSeleniumPage.java:24)
at pomPages.CoreJavaForSeleniumPage.getPageHeader(CoreJavaForSeleniumPage.java:24)
at pomPages.CoreJavaForSeleniumPage.getPageHeader(CoreJavaForSeleniumPage.java:24)
at pomPages.CoreJavaForSeleniumPage.getPageHeader(CoreJavaForSeleniumPage.java:24)
at pomPages.CoreJavaForSeleniumPage.getPageHeader(CoreJavaForSeleniumPage.java:24)
at pomPages.CoreJavaForSeleniumPage.getPageHeader(CoreJavaForSeleniumPage.java:24)
at pomPages.CoreJavaForSeleniumPage.getPageHeader(CoreJavaForSeleniumPage.java:24)
at pomPages.CoreJavaForSeleniumPage.getPageHeader(CoreJavaForSeleniumPage.java:24)
at pomPages.CoreJavaForSeleniumPage.getPageHeader(CoreJavaForSeleniumPage.java:24)
at pomPages.CoreJavaForSeleniumPage.getPageHeader(CoreJavaForSeleniumPage.java:24)
at pomPages.CoreJavaForSeleniumPage.getPageHeader(CoreJavaForSeleniumPage.java:24)
at pomPages.CoreJavaForSeleniumPage.getPageHeader(CoreJavaForSeleniumPage.java:24)
at pomPages.CoreJavaForSeleniumPage.getPageHeader(CoreJavaForSeleniumPage.java:24)
at pomPages.CoreJavaForSeleniumPage.getPageHeader(CoreJavaForSeleniumPage.java:24)
at pomPages.CoreJavaForSeleniumPage.getPageHeader(CoreJavaForSeleniumPage.java:24)
at pomPages.CoreJavaForSeleniumPage.getPageHeader(CoreJavaForSeleniumPage.java:24)
at pomPages.CoreJavaForSeleniumPage.getPageHeader(CoreJavaForSeleniumPage.java:24)
at pomPages.CoreJavaForSeleniumPage.getPageHeader(CoreJavaForSeleniumPage.java:24)
at pomPages.CoreJavaForSeleniumPage.getPageHeader(CoreJavaForSeleniumPage.java:24)
at pomPages.CoreJavaForSeleniumPage.getPageHeader(CoreJavaForSeleniumPage.java:24)
at pomPages.CoreJavaForSeleniumPage.getPageHeader(CoreJavaForSeleniumPage.java:24)
at pomPages.CoreJavaForSeleniumPage.getPageHeader(CoreJavaForSeleniumPage.java:24)
at pomPages.CoreJavaForSeleniumPage.getPageHeader(CoreJavaForSeleniumPage.java:24)
at pomPages.CoreJavaForSeleniumPage.getPageHeader(CoreJavaForSeleniumPage.java:24)
at pomPages.CoreJavaForSeleniumPage.getPageHeader(CoreJavaForSeleniumPage.java:24)
at pomPages.CoreJavaForSeleniumPage.getPageHeader(CoreJavaForSeleniumPage.java:24)
at pomPages.CoreJavaForSeleniumPage.getPageHeader(CoreJavaForSeleniumPage.java:24)
at pomPages.CoreJavaForSeleniumPage.getPageHeader(CoreJavaForSeleniumPage.java:24)
at pomPages.CoreJavaForSeleniumPage.getPageHeader(CoreJavaForSeleniumPage.java:24)
at pomPages.CoreJavaForSeleniumPage.getPageHeader(CoreJavaForSeleniumPage.java:24)
at pomPages.CoreJavaForSeleniumPage.getPageHeader(CoreJavaForSeleniumPage.java:24)
at pomPages.CoreJavaForSeleniumPage.getPageHeader(CoreJavaForSeleniumPage.java:24)
at pomPages.CoreJavaForSeleniumPage.getPageHeader(CoreJavaForSeleniumPage.java:24)
at pomPages.CoreJavaForSeleniumPage.getPageHeader(CoreJavaForSeleniumPage.java:24)
at pomPages.CoreJavaForSeleniumPage.getPageHeader(CoreJavaForSeleniumPage.java:24)
at pomPages.CoreJavaForSeleniumPage.getPageHeader(CoreJavaForSeleniumPage.java:24)
at pomPages.CoreJavaForSeleniumPage.getPageHeader(CoreJavaForSeleniumPage.java:24)
at pomPages.CoreJavaForSeleniumPage.getPageHeader(CoreJavaForSeleniumPage.java:24)
at pomPages.CoreJavaForSeleniumPage.getPageHeader(CoreJavaForSeleniumPage.java:24)
at pomPages.CoreJavaForSeleniumPage.getPageHeader(CoreJavaForSeleniumPage.java:24)
at pomPages.CoreJavaForSeleniumPage.getPageHeader(CoreJavaForSeleniumPage.java:24)
at pomPages.CoreJavaForSeleniumPage.getPageHeader(CoreJavaForSeleniumPage.java:24)
at pomPages.CoreJavaForSeleniumPage.getPageHeader(CoreJavaForSeleniumPage.java:24)
at pomPages.CoreJavaForSeleniumPage.getPageHeader(CoreJavaForSeleniumPage.java:24)
at pomPages.CoreJavaForSeleniumPage.getPageHeader(CoreJavaForSeleniumPage.java:24)
at pomPages.CoreJavaForSeleniumPage.getPageHeader(CoreJavaForSeleniumPage.java:24)
at pomPages.CoreJavaForSeleniumPage.getPageHeader(CoreJavaForSeleniumPage.java:24)
at pomPages.CoreJavaForSeleniumPage.getPageHeader(CoreJavaForSeleniumPage.java:24)
at pomPages.CoreJavaForSeleniumPage.getPageHeader(CoreJavaForSeleniumPage.java:24)
at pomPages.CoreJavaForSeleniumPage.getPageHeader(CoreJavaForSeleniumPage.java:24)
at pomPages.CoreJavaForSeleniumPage.getPageHeader(CoreJavaForSeleniumPage.java:24)
at pomPages.CoreJavaForSeleniumPage.getPageHeader(CoreJavaForSeleniumPage.java:24)
at pomPages.CoreJavaForSeleniumPage.getPageHeader(CoreJavaForSeleniumPage.java:24)
at pomPages.CoreJavaForSeleniumPage.getPageHeader(CoreJavaForSeleniumPage.java:24)
at pomPages.CoreJavaForSeleniumPage.getPageHeader(CoreJavaForSeleniumPage.java:24)
at pomPages.CoreJavaForSeleniumPage.getPageHeader(CoreJavaForSeleniumPage.java:24)
at pomPages.CoreJavaForSeleniumPage.getPageHeader(CoreJavaForSeleniumPage.java:24)
at pomPages.CoreJavaForSeleniumPage.getPageHeader(CoreJavaForSeleniumPage.java:24)
at pomPages.CoreJavaForSeleniumPage.getPageHeader(CoreJavaForSeleniumPage.java:24)
at pomPages.CoreJavaForSeleniumPage.getPageHeader(CoreJavaForSeleniumPage.java:24)
at pomPages.CoreJavaForSeleniumPage.getPageHeader(CoreJavaForSeleniumPage.java:24)
at pomPages.CoreJavaForSeleniumPage.getPageHeader(CoreJavaForSeleniumPage.java:24)
at pomPages.CoreJavaForSeleniumPage.getPageHeader(CoreJavaForSeleniumPage.java:24)
at pomPages.CoreJavaForSeleniumPage.getPageHeader(CoreJavaForSeleniumPage.java:24)
at pomPages.CoreJavaForSeleniumPage.getPageHeader(CoreJavaForSeleniumPage.java:24)
at pomPages.CoreJavaForSeleniumPage.getPageHeader(CoreJavaForSeleniumPage.java:24)
at pomPages.CoreJavaForSeleniumPage.getPageHeader(CoreJavaForSeleniumPage.java:24)
at pomPages.CoreJavaForSeleniumPage.getPageHeader(CoreJavaForSeleniumPage.java:24)
at pomPages.CoreJavaForSeleniumPage.getPageHeader(CoreJavaForSeleniumPage.java:24)
at pomPages.CoreJavaForSeleniumPage.getPageHeader(CoreJavaForSeleniumPage.java:24)
at pomPages.CoreJavaForSeleniumPage.getPageHeader(CoreJavaForSeleniumPage.java:24)
at pomPages.CoreJavaForSeleniumPage.getPageHeader(CoreJavaForSeleniumPage.java:24)
at pomPages.CoreJavaForSeleniumPage.getPageHeader(CoreJavaForSeleniumPage.java:24)
at pomPages.CoreJavaForSeleniumPage.getPageHeader(CoreJavaForSeleniumPage.java:24)
at pomPages.CoreJavaForSeleniumPage.getPageHeader(CoreJavaForSeleniumPage.java:24)
at pomPages.CoreJavaForSeleniumPage.getPageHeader(CoreJavaForSeleniumPage.java:24)
at pomPages.CoreJavaForSeleniumPage.getPageHeader(CoreJavaForSeleniumPage.java:24)
at pomPages.CoreJavaForSeleniumPage.getPageHeader(CoreJavaForSeleniumPage.java:24)
at pomPages.CoreJavaForSeleniumPage.getPageHeader(CoreJavaForSeleniumPage.java:24)
at pomPages.CoreJavaForSeleniumPage.getPageHeader(CoreJavaForSeleniumPage.java:24)
at pomPages.CoreJavaForSeleniumPage.getPageHeader(CoreJavaForSeleniumPage.java:24)
at pomPages.CoreJavaForSeleniumPage.getPageHeader(CoreJavaForSeleniumPage.java:24)
at pomPages.CoreJavaForSeleniumPage.getPageHeader(CoreJavaForSeleniumPage.java:24)
at pomPages.CoreJavaForSeleniumPage.getPageHeader(CoreJavaForSeleniumPage.java:24)
at pomPages.CoreJavaForSeleniumPage.getPageHeader(CoreJavaForSeleniumPage.java:24)
at pomPages.CoreJavaForSeleniumPage.getPageHeader(CoreJavaForSeleniumPage.java:24)
at pomPages.CoreJavaForSeleniumPage.getPageHeader(CoreJavaForSeleniumPage.java:24)
at pomPages.CoreJavaForSeleniumPage.getPageHeader(CoreJavaForSeleniumPage.java:24)
at pomPages.CoreJavaForSeleniumPage.getPageHeader(CoreJavaForSeleniumPage.java:24)
at pomPages.CoreJavaForSeleniumPage.getPageHeader(CoreJavaForSeleniumPage.java:24)
at pomPages.CoreJavaForSeleniumPage.getPageHeader(CoreJavaForSeleniumPage.java:24)
at pomPages.CoreJavaForSeleniumPage.getPageHeader(CoreJavaForSeleniumPage.java:24)
at pomPages.CoreJavaForSeleniumPage.getPageHeader(CoreJavaForSeleniumPage.java:24)
at pomPages.CoreJavaForSeleniumPage.getPageHeader(CoreJavaForSeleniumPage.java:24)
at pomPages.CoreJavaForSeleniumPage.getPageHeader(CoreJavaForSeleniumPage.java:24)
at pomPages.CoreJavaForSeleniumPage.getPageHeader(CoreJavaForSeleniumPage.java:24)
at pomPages.CoreJavaForSeleniumPage.getPageHeader(CoreJavaForSeleniumPage.java:24)
at pomPages.CoreJavaForSeleniumPage.getPageHeader(CoreJavaForSeleniumPage.java:24)
at pomPages.CoreJavaForSeleniumPage.getPageHeader(CoreJavaForSeleniumPage.java:24)
at pomPages.CoreJavaForSeleniumPage.getPageHeader(CoreJavaForSeleniumPage.java:24)
at pomPages.CoreJavaForSeleniumPage.getPageHeader(CoreJavaForSeleniumPage.java:24)
at pomPages.CoreJavaForSeleniumPage.getPageHeader(CoreJavaForSeleniumPage.java:24)
at pomPages.CoreJavaForSeleniumPage.getPageHeader(CoreJavaForSeleniumPage.java:24)
at pomPages.CoreJavaForSeleniumPage.getPageHeader(CoreJavaForSeleniumPage.java:24)
at pomPages.CoreJavaForSeleniumPage.getPageHeader(CoreJavaForSeleniumPage.java:24)
at pomPages.CoreJavaForSeleniumPage.getPageHeader(CoreJavaForSeleniumPage.java:24)
at pomPages.CoreJavaForSeleniumPage.getPageHeader(CoreJavaForSeleniumPage.java:24)
at pomPages.CoreJavaForSeleniumPage.getPageHeader(CoreJavaForSeleniumPage.java:24)
at pomPages.CoreJavaForSeleniumPage.getPageHeader(CoreJavaForSeleniumPage.java:24)
at pomPages.CoreJavaForSeleniumPage.getPageHeader(CoreJavaForSeleniumPage.java:24)
at pomPages.CoreJavaForSeleniumPage.getPageHeader(CoreJavaForSeleniumPage.java:24)
at pomPages.CoreJavaForSeleniumPage.getPageHeader(CoreJavaForSeleniumPage.java:24)
at pomPages.CoreJavaForSeleniumPage.getPageHeader(CoreJavaForSeleniumPage.java:24)
at pomPages.CoreJavaForSeleniumPage.getPageHeader(CoreJavaForSeleniumPage.java:24)
at pomPages.CoreJavaForSeleniumPage.getPageHeader(CoreJavaForSeleniumPage.java:24)
at pomPages.CoreJavaForSeleniumPage.getPageHeader(CoreJavaForSeleniumPage.java:24)
at pomPages.CoreJavaForSeleniumPage.getPageHeader(CoreJavaForSeleniumPage.java:24)
at pomPages.CoreJavaForSeleniumPage.getPageHeader(CoreJavaForSeleniumPage.java:24)
at pomPages.CoreJavaForSeleniumPage.getPageHeader(CoreJavaForSeleniumPage.java:24)
at pomPages.CoreJavaForSeleniumPage.getPageHeader(CoreJavaForSeleniumPage.java:24)
at pomPages.CoreJavaForSeleniumPage.getPageHeader(CoreJavaForSeleniumPage.java:24)
at pomPages.CoreJavaForSeleniumPage.getPageHeader(CoreJavaForSeleniumPage.java:24)
at pomPages.CoreJavaForSeleniumPage.getPageHeader(CoreJavaForSeleniumPage.java:24)
at pomPages.CoreJavaForSeleniumPage.getPageHeader(CoreJavaForSeleniumPage.java:24)
at pomPages.CoreJavaForSeleniumPage.getPageHeader(CoreJavaForSeleniumPage.java:24)
at pomPages.CoreJavaForSeleniumPage.getPageHeader(CoreJavaForSeleniumPage.java:24)
at pomPages.CoreJavaForSeleniumPage.getPageHeader(CoreJavaForSeleniumPage.java:24)
at pomPages.CoreJavaForSeleniumPage.getPageHeader(CoreJavaForSeleniumPage.java:24)
at pomPages.CoreJavaForSeleniumPage.getPageHeader(CoreJavaForSeleniumPage.java:24)
at pomPages.CoreJavaForSeleniumPage.getPageHeader(CoreJavaForSeleniumPage.java:24)
at pomPages.CoreJavaForSeleniumPage.getPageHeader(CoreJavaForSeleniumPage.java:24)
at pomPages.CoreJavaForSeleniumPage.getPageHeader(CoreJavaForSeleniumPage.java:24)
at pomPages.CoreJavaForSeleniumPage.getPageHeader(CoreJavaForSeleniumPage.java:24)
at pomPages.CoreJavaForSeleniumPage.getPageHeader(CoreJavaForSeleniumPage.java:24)
at pomPages.CoreJavaForSeleniumPage.getPageHeader(CoreJavaForSeleniumPage.java:24)
at pomPages.CoreJavaForSeleniumPage.getPageHeader(CoreJavaForSeleniumPage.java:24)
at pomPages.CoreJavaForSeleniumPage.getPageHeader(CoreJavaForSeleniumPage.java:24)
at pomPages.CoreJavaForSeleniumPage.getPageHeader(CoreJavaForSeleniumPage.java:24)
at pomPages.CoreJavaForSeleniumPage.getPageHeader(CoreJavaForSeleniumPage.java:24)
at pomPages.CoreJavaForSeleniumPage.getPageHeader(CoreJavaForSeleniumPage.java:24)
at pomPages.CoreJavaForSeleniumPage.getPageHeader(CoreJavaForSeleniumPage.java:24)
at pomPages.CoreJavaForSeleniumPage.getPageHeader(CoreJavaForSeleniumPage.java:24)
at pomPages.CoreJavaForSeleniumPage.getPageHeader(CoreJavaForSeleniumPage.java:24)
at pomPages.CoreJavaForSeleniumPage.getPageHeader(CoreJavaForSeleniumPage.java:24)
at pomPages.CoreJavaForSeleniumPage.getPageHeader(CoreJavaForSeleniumPage.java:24)
at pomPages.CoreJavaForSeleniumPage.getPageHeader(CoreJavaForSeleniumPage.java:24)
at pomPages.CoreJavaForSeleniumPage.getPageHeader(CoreJavaForSeleniumPage.java:24)
at pomPages.CoreJavaForSeleniumPage.getPageHeader(CoreJavaForSeleniumPage.java:24)
at pomPages.CoreJavaForSeleniumPage.getPageHeader(CoreJavaForSeleniumPage.java:24)
at pomPages.CoreJavaForSeleniumPage.getPageHeader(CoreJavaForSeleniumPage.java:24)
at pomPages.CoreJavaForSeleniumPage.getPageHeader(CoreJavaForSeleniumPage.java:24)
at pomPages.CoreJavaForSeleniumPage.getPageHeader(CoreJavaForSeleniumPage.java:24)
at pomPages.CoreJavaForSeleniumPage.getPageHeader(CoreJavaForSeleniumPage.java:24)
at pomPages.CoreJavaForSeleniumPage.getPageHeader(CoreJavaForSeleniumPage.java:24)
at pomPages.CoreJavaForSeleniumPage.getPageHeader(CoreJavaForSeleniumPage.java:24)
at pomPages.CoreJavaForSeleniumPage.getPageHeader(CoreJavaForSeleniumPage.java:24)
at pomPages.CoreJavaForSeleniumPage.getPageHeader(CoreJavaForSeleniumPage.java:24)
at pomPages.CoreJavaForSeleniumPage.getPageHeader(CoreJavaForSeleniumPage.java:24)
at pomPages.CoreJavaForSeleniumPage.getPageHeader(CoreJavaForSeleniumPage.java:24)
at pomPages.CoreJavaForSeleniumPage.getPageHeader(CoreJavaForSeleniumPage.java:24)
at pomPages.CoreJavaForSeleniumPage.getPageHeader(CoreJavaForSeleniumPage.java:24)
at pomPages.CoreJavaForSeleniumPage.getPageHeader(CoreJavaForSeleniumPage.java:24)
at pomPages.CoreJavaForSeleniumPage.getPageHeader(CoreJavaForSeleniumPage.java:24)
at pomPages.CoreJavaForSeleniumPage.getPageHeader(CoreJavaForSeleniumPage.java:24)
at pomPages.CoreJavaForSeleniumPage.getPageHeader(CoreJavaForSeleniumPage.java:24)
at pomPages.CoreJavaForSeleniumPage.getPageHeader(CoreJavaForSeleniumPage.java:24)
at pomPages.CoreJavaForSeleniumPage.getPageHeader(CoreJavaForSeleniumPage.java:24)
at pomPages.CoreJavaForSeleniumPage.getPageHeader(CoreJavaForSeleniumPage.java:24)
at pomPages.CoreJavaForSeleniumPage.getPageHeader(CoreJavaForSeleniumPage.java:24)
at pomPages.CoreJavaForSeleniumPage.getPageHeader(CoreJavaForSeleniumPage.java:24)
at pomPages.CoreJavaForSeleniumPage.getPageHeader(CoreJavaForSeleniumPage.java:24)
at pomPages.CoreJavaForSeleniumPage.getPageHeader(CoreJavaForSeleniumPage.java:24)
at pomPages.CoreJavaForSeleniumPage.getPageHeader(CoreJavaForSeleniumPage.java:24)
at pomPages.CoreJavaForSeleniumPage.getPageHeader(CoreJavaForSeleniumPage.java:24)
at pomPages.CoreJavaForSeleniumPage.getPageHeader(CoreJavaForSeleniumPage.java:24)
at pomPages.CoreJavaForSeleniumPage.getPageHeader(CoreJavaForSeleniumPage.java:24)
at pomPages.CoreJavaForSeleniumPage.getPageHeader(CoreJavaForSeleniumPage.java:24)
at pomPages.CoreJavaForSeleniumPage.getPageHeader(CoreJavaForSeleniumPage.java:24)
at pomPages.CoreJavaForSeleniumPage.getPageHeader(CoreJavaForSeleniumPage.java:24)
at pomPages.CoreJavaForSeleniumPage.getPageHeader(CoreJavaForSeleniumPage.java:24)
at pomPages.CoreJavaForSeleniumPage.getPageHeader(CoreJavaForSeleniumPage.java:24)
at pomPages.CoreJavaForSeleniumPage.getPageHeader(CoreJavaForSeleniumPage.java:24)
at pomPages.CoreJavaForSeleniumPage.getPageHeader(CoreJavaForSeleniumPage.java:24)
at pomPages.CoreJavaForSeleniumPage.getPageHeader(CoreJavaForSeleniumPage.java:24)
at pomPages.CoreJavaForSeleniumPage.getPageHeader(CoreJavaForSeleniumPage.java:24)
at pomPages.CoreJavaForSeleniumPage.getPageHeader(CoreJavaForSeleniumPage.java:24)
at pomPages.CoreJavaForSeleniumPage.getPageHeader(CoreJavaForSeleniumPage.java:24)
at pomPages.CoreJavaForSeleniumPage.getPageHeader(CoreJavaForSeleniumPage.java:24)
at pomPages.CoreJavaForSeleniumPage.getPageHeader(CoreJavaForSeleniumPage.java:24)
at pomPages.CoreJavaForSeleniumPage.getPageHeader(CoreJavaForSeleniumPage.java:24)
at pomPages.CoreJavaForSeleniumPage.getPageHeader(CoreJavaForSeleniumPage.java:24)
at pomPages.CoreJavaForSeleniumPage.getPageHeader(CoreJavaForSeleniumPage.java:24)
at pomPages.CoreJavaForSeleniumPage.getPageHeader(CoreJavaForSeleniumPage.java:24)
at pomPages.CoreJavaForSeleniumPage.getPageHeader(CoreJavaForSeleniumPage.java:24)
at pomPages.CoreJavaForSeleniumPage.getPageHeader(CoreJavaForSeleniumPage.java:24)
at pomPages.CoreJavaForSeleniumPage.getPageHeader(CoreJavaForSeleniumPage.java:24)
at pomPages.CoreJavaForSeleniumPage.getPageHeader(CoreJavaForSeleniumPage.java:24)
at pomPages.CoreJavaForSeleniumPage.getPageHeader(CoreJavaForSeleniumPage.java:24)
at pomPages.CoreJavaForSeleniumPage.getPageHeader(CoreJavaForSeleniumPage.java:24)
at pomPages.CoreJavaForSeleniumPage.getPageHeader(CoreJavaForSeleniumPage.java:24)
at pomPages.CoreJavaForSeleniumPage.getPageHeader(CoreJavaForSeleniumPage.java:24)
at pomPages.CoreJavaForSeleniumPage.getPageHeader(CoreJavaForSeleniumPage.java:24)
at pomPages.CoreJavaForSeleniumPage.getPageHeader(CoreJavaForSeleniumPage.java:24)
at pomPages.CoreJavaForSeleniumPage.getPageHeader(CoreJavaForSeleniumPage.java:24)
at pomPages.CoreJavaForSeleniumPage.getPageHeader(CoreJavaForSeleniumPage.java:24)
at pomPages.CoreJavaForSeleniumPage.getPageHeader(CoreJavaForSeleniumPage.java:24)
at pomPages.CoreJavaForSeleniumPage.getPageHeader(CoreJavaForSeleniumPage.java:24)
at pomPages.CoreJavaForSeleniumPage.getPageHeader(CoreJavaForSeleniumPage.java:24)
at pomPages.CoreJavaForSeleniumPage.getPageHeader(CoreJavaForSeleniumPage.java:24)
at pomPages.CoreJavaForSeleniumPage.getPageHeader(CoreJavaForSeleniumPage.java:24)
at pomPages.CoreJavaForSeleniumPage.getPageHeader(CoreJavaForSeleniumPage.java:24)
at pomPages.CoreJavaForSeleniumPage.getPageHeader(CoreJavaForSeleniumPage.java:24)
at pomPages.CoreJavaForSeleniumPage.getPageHeader(CoreJavaForSeleniumPage.java:24)
at pomPages.CoreJavaForSeleniumPage.getPageHeader(CoreJavaForSeleniumPage.java:24)
at pomPages.CoreJavaForSeleniumPage.getPageHeader(CoreJavaForSeleniumPage.java:24)
at pomPages.CoreJavaForSeleniumPage.getPageHeader(CoreJavaForSeleniumPage.java:24)
at pomPages.CoreJavaForSeleniumPage.getPageHeader(CoreJavaForSeleniumPage.java:24)
at pomPages.CoreJavaForSeleniumPage.getPageHeader(CoreJavaForSeleniumPage.java:24)
at pomPages.CoreJavaForSeleniumPage.getPageHeader(CoreJavaForSeleniumPage.java:24)
at pomPages.CoreJavaForSeleniumPage.getPageHeader(CoreJavaForSeleniumPage.java:24)
at pomPages.CoreJavaForSeleniumPage.getPageHeader(CoreJavaForSeleniumPage.java:24)
at pomPages.CoreJavaForSeleniumPage.getPageHeader(CoreJavaForSeleniumPage.java:24)
at pomPages.CoreJavaForSeleniumPage.getPageHeader(CoreJavaForSeleniumPage.java:24)
at pomPages.CoreJavaForSeleniumPage.getPageHeader(CoreJavaForSeleniumPage.java:24)
at pomPages.CoreJavaForSeleniumPage.getPageHeader(CoreJavaForSeleniumPage.java:24)
at pomPages.CoreJavaForSeleniumPage.getPageHeader(CoreJavaForSeleniumPage.java:24)
at pomPages.CoreJavaForSeleniumPage.getPageHeader(CoreJavaForSeleniumPage.java:24)
at pomPages.CoreJavaForSeleniumPage.getPageHeader(CoreJavaForSeleniumPage.java:24)
at pomPages.CoreJavaForSeleniumPage.getPageHeader(CoreJavaForSeleniumPage.java:24)
at pomPages.CoreJavaForSeleniumPage.getPageHeader(CoreJavaForSeleniumPage.java:24)
at pomPages.CoreJavaForSeleniumPage.getPageHeader(CoreJavaForSeleniumPage.java:24)
at pomPages.CoreJavaForSeleniumPage.getPageHeader(CoreJavaForSeleniumPage.java:24)
at pomPages.CoreJavaForSeleniumPage.getPageHeader(CoreJavaForSeleniumPage.java:24)
at pomPages.CoreJavaForSeleniumPage.getPageHeader(CoreJavaForSeleniumPage.java:24)
at pomPages.CoreJavaForSeleniumPage.getPageHeader(CoreJavaForSeleniumPage.java:24)
at pomPages.CoreJavaForSeleniumPage.getPageHeader(CoreJavaForSeleniumPage.java:24)
at pomPages.CoreJavaForSeleniumPage.getPageHeader(CoreJavaForSeleniumPage.java:24)
at pomPages.CoreJavaForSeleniumPage.getPageHeader(CoreJavaForSeleniumPage.java:24)
at pomPages.CoreJavaForSeleniumPage.getPageHeader(CoreJavaForSeleniumPage.java:24)
at pomPages.CoreJavaForSeleniumPage.getPageHeader(CoreJavaForSeleniumPage.java:24)
at pomPages.CoreJavaForSeleniumPage.getPageHeader(CoreJavaForSeleniumPage.java:24)
at pomPages.CoreJavaForSeleniumPage.getPageHeader(CoreJavaForSeleniumPage.java:24)
at pomPages.CoreJavaForSeleniumPage.getPageHeader(CoreJavaForSeleniumPage.java:24)
at pomPages.CoreJavaForSeleniumPage.getPageHeader(CoreJavaForSeleniumPage.java:24)
at pomPages.CoreJavaForSeleniumPage.getPageHeader(CoreJavaForSeleniumPage.java:24)
at pomPages.CoreJavaForSeleniumPage.getPageHeader(CoreJavaForSeleniumPage.java:24)
at pomPages.CoreJavaForSeleniumPage.getPageHeader(CoreJavaForSeleniumPage.java:24)
at pomPages.CoreJavaForSeleniumPage.getPageHeader(CoreJavaForSeleniumPage.java:24)
at pomPages.CoreJavaForSeleniumPage.getPageHeader(CoreJavaForSeleniumPage.java:24)
at pomPages.CoreJavaForSeleniumPage.getPageHeader(CoreJavaForSeleniumPage.java:24)
at pomPages.CoreJavaForSeleniumPage.getPageHeader(CoreJavaForSeleniumPage.java:24)
at pomPages.CoreJavaForSeleniumPage.getPageHeader(CoreJavaForSeleniumPage.java:24)
at pomPages.CoreJavaForSeleniumPage.getPageHeader(CoreJavaForSeleniumPage.java:24)
at pomPages.CoreJavaForSeleniumPage.getPageHeader(CoreJavaForSeleniumPage.java:24)
at pomPages.CoreJavaForSeleniumPage.getPageHeader(CoreJavaForSeleniumPage.java:24)
at pomPages.CoreJavaForSeleniumPage.getPageHeader(CoreJavaForSeleniumPage.java:24)
at pomPages.CoreJavaForSeleniumPage.getPageHeader(CoreJavaForSeleniumPage.java:24)
at pomPages.CoreJavaForSeleniumPage.getPageHeader(CoreJavaForSeleniumPage.java:24)
at pomPages.CoreJavaForSeleniumPage.getPageHeader(CoreJavaForSeleniumPage.java:24)
at pomPages.CoreJavaForSeleniumPage.getPageHeader(CoreJavaForSeleniumPage.java:24)
at pomPages.CoreJavaForSeleniumPage.getPageHeader(CoreJavaForSeleniumPage.java:24)
at pomPages.CoreJavaForSeleniumPage.getPageHeader(CoreJavaForSeleniumPage.java:24)
at pomPages.CoreJavaForSeleniumPage.getPageHeader(CoreJavaForSeleniumPage.java:24)
at pomPages.CoreJavaForSeleniumPage.getPageHeader(CoreJavaForSeleniumPage.java:24)
at pomPages.CoreJavaForSeleniumPage.getPageHeader(CoreJavaForSeleniumPage.java:24)
at pomPages.CoreJavaForSeleniumPage.getPageHeader(CoreJavaForSeleniumPage.java:24)
at pomPages.CoreJavaForSeleniumPage.getPageHeader(CoreJavaForSeleniumPage.java:24)
at pomPages.CoreJavaForSeleniumPage.getPageHeader(CoreJavaForSeleniumPage.java:24)
at pomPages.CoreJavaForSeleniumPage.getPageHeader(CoreJavaForSeleniumPage.java:24)
at pomPages.CoreJavaForSeleniumPage.getPageHeader(CoreJavaForSeleniumPage.java:24)
at pomPages.CoreJavaForSeleniumPage.getPageHeader(CoreJavaForSeleniumPage.java:24)
at pomPages.CoreJavaForSeleniumPage.getPageHeader(CoreJavaForSeleniumPage.java:24)
at pomPages.CoreJavaForSeleniumPage.getPageHeader(CoreJavaForSeleniumPage.java:24)
at pomPages.CoreJavaForSeleniumPage.getPageHeader(CoreJavaForSeleniumPage.java:24)
at pomPages.CoreJavaForSeleniumPage.getPageHeader(CoreJavaForSeleniumPage.java:24)
at pomPages.CoreJavaForSeleniumPage.getPageHeader(CoreJavaForSeleniumPage.java:24)
at pomPages.CoreJavaForSeleniumPage.getPageHeader(CoreJavaForSeleniumPage.java:24)
at pomPages.CoreJavaForSeleniumPage.getPageHeader(CoreJavaForSeleniumPage.java:24)
at pomPages.CoreJavaForSeleniumPage.getPageHeader(CoreJavaForSeleniumPage.java:24)
at pomPages.CoreJavaForSeleniumPage.getPageHeader(CoreJavaForSeleniumPage.java:24)
at pomPages.CoreJavaForSeleniumPage.getPageHeader(CoreJavaForSeleniumPage.java:24)
at pomPages.CoreJavaForSeleniumPage.getPageHeader(CoreJavaForSeleniumPage.java:24)
at pomPages.CoreJavaForSeleniumPage.getPageHeader(CoreJavaForSeleniumPage.java:24)
at pomPages.CoreJavaForSeleniumPage.getPageHeader(CoreJavaForSeleniumPage.java:24)
at pomPages.CoreJavaForSeleniumPage.getPageHeader(CoreJavaForSeleniumPage.java:24)
at pomPages.CoreJavaForSeleniumPage.getPageHeader(CoreJavaForSeleniumPage.java:24)
at pomPages.CoreJavaForSeleniumPage.getPageHeader(CoreJavaForSeleniumPage.java:24)
at pomPages.CoreJavaForSeleniumPage.getPageHeader(CoreJavaForSeleniumPage.java:24)
at pomPages.CoreJavaForSeleniumPage.getPageHeader(CoreJavaForSeleniumPage.java:24)
at pomPages.CoreJavaForSeleniumPage.getPageHeader(CoreJavaForSeleniumPage.java:24)
at pomPages.CoreJavaForSeleniumPage.getPageHeader(CoreJavaForSeleniumPage.java:24)
at pomPages.CoreJavaForSeleniumPage.getPageHeader(CoreJavaForSeleniumPage.java:24)
at pomPages.CoreJavaForSeleniumPage.getPageHeader(CoreJavaForSeleniumPage.java:24)
at pomPages.CoreJavaForSeleniumPage.getPageHeader(CoreJavaForSeleniumPage.java:24)
at pomPages.CoreJavaForSeleniumPage.getPageHeader(CoreJavaForSeleniumPage.java:24)
at pomPages.CoreJavaForSeleniumPage.getPageHeader(CoreJavaForSeleniumPage.java:24)
at pomPages.CoreJavaForSeleniumPage.getPageHeader(CoreJavaForSeleniumPage.java:24)
at pomPages.CoreJavaForSeleniumPage.getPageHeader(CoreJavaForSeleniumPage.java:24)
at pomPages.CoreJavaForSeleniumPage.getPageHeader(CoreJavaForSeleniumPage.java:24)
at pomPages.CoreJavaForSeleniumPage.getPageHeader(CoreJavaForSeleniumPage.java:24)
at pomPages.CoreJavaForSeleniumPage.getPageHeader(CoreJavaForSeleniumPage.java:24)
at pomPages.CoreJavaForSeleniumPage.getPageHeader(CoreJavaForSeleniumPage.java:24)
at pomPages.CoreJavaForSeleniumPage.getPageHeader(CoreJavaForSeleniumPage.java:24)
at pomPages.CoreJavaForSeleniumPage.getPageHeader(CoreJavaForSeleniumPage.java:24)
at pomPages.CoreJavaForSeleniumPage.getPageHeader(CoreJavaForSeleniumPage.java:24)
at pomPages.CoreJavaForSeleniumPage.getPageHeader(CoreJavaForSeleniumPage.java:24)
at pomPages.CoreJavaForSeleniumPage.getPageHeader(CoreJavaForSeleniumPage.java:24)
at pomPages.CoreJavaForSeleniumPage.getPageHeader(CoreJavaForSeleniumPage.java:24)
at pomPages.CoreJavaForSeleniumPage.getPageHeader(CoreJavaForSeleniumPage.java:24)
at pomPages.CoreJavaForSeleniumPage.getPageHeader(CoreJavaForSeleniumPage.java:24)
at pomPages.CoreJavaForSeleniumPage.getPageHeader(CoreJavaForSeleniumPage.java:24)
at pomPages.CoreJavaForSeleniumPage.getPageHeader(CoreJavaForSeleniumPage.java:24)
at pomPages.CoreJavaForSeleniumPage.getPageHeader(CoreJavaForSeleniumPage.java:24)
at pomPages.CoreJavaForSeleniumPage.getPageHeader(CoreJavaForSeleniumPage.java:24)
at pomPages.CoreJavaForSeleniumPage.getPageHeader(CoreJavaForSeleniumPage.java:24)
at pomPages.CoreJavaForSeleniumPage.getPageHeader(CoreJavaForSeleniumPage.java:24)
at pomPages.CoreJavaForSeleniumPage.getPageHeader(CoreJavaForSeleniumPage.java:24)
at pomPages.CoreJavaForSeleniumPage.getPageHeader(CoreJavaForSeleniumPage.java:24)
at pomPages.CoreJavaForSeleniumPage.getPageHeader(CoreJavaForSeleniumPage.java:24)
at pomPages.CoreJavaForSeleniumPage.getPageHeader(CoreJavaForSeleniumPage.java:24)
at pomPages.CoreJavaForSeleniumPage.getPageHeader(CoreJavaForSeleniumPage.java:24)
at pomPages.CoreJavaForSeleniumPage.getPageHeader(CoreJavaForSeleniumPage.java:24)
at pomPages.CoreJavaForSeleniumPage.getPageHeader(CoreJavaForSeleniumPage.java:24)
at pomPages.CoreJavaForSeleniumPage.getPageHeader(CoreJavaForSeleniumPage.java:24)
at pomPages.CoreJavaForSeleniumPage.getPageHeader(CoreJavaForSeleniumPage.java:24)
at pomPages.CoreJavaForSeleniumPage.getPageHeader(CoreJavaForSeleniumPage.java:24)
at pomPages.CoreJavaForSeleniumPage.getPageHeader(CoreJavaForSeleniumPage.java:24)
at pomPages.CoreJavaForSeleniumPage.getPageHeader(CoreJavaForSeleniumPage.java:24)
at pomPages.CoreJavaForSeleniumPage.getPageHeader(CoreJavaForSeleniumPage.java:24)
at pomPages.CoreJavaForSeleniumPage.getPageHeader(CoreJavaForSeleniumPage.java:24)
at pomPages.CoreJavaForSeleniumPage.getPageHeader(CoreJavaForSeleniumPage.java:24)
at pomPages.CoreJavaForSeleniumPage.getPageHeader(CoreJavaForSeleniumPage.java:24)
at pomPages.CoreJavaForSeleniumPage.getPageHeader(CoreJavaForSeleniumPage.java:24)
at pomPages.CoreJavaForSeleniumPage.getPageHeader(CoreJavaForSeleniumPage.java:24)
at pomPages.CoreJavaForSeleniumPage.getPageHeader(CoreJavaForSeleniumPage.java:24)
at pomPages.CoreJavaForSeleniumPage.getPageHeader(CoreJavaForSeleniumPage.java:24)
at pomPages.CoreJavaForSeleniumPage.getPageHeader(CoreJavaForSeleniumPage.java:24)
at pomPages.CoreJavaForSeleniumPage.getPageHeader(CoreJavaForSeleniumPage.java:24)
at pomPages.CoreJavaForSeleniumPage.getPageHeader(CoreJavaForSeleniumPage.java:24)
at pomPages.CoreJavaForSeleniumPage.getPageHeader(CoreJavaForSeleniumPage.java:24)
]]>
    </error>
  </testcase> <!-- thirdTest -->
  <system-out/>
</testsuite> <!-- testScripts.ThirdTest -->
